<?xml version="1.0" encoding="UTF-8"?>
  <testsuites tests="96" disabled="0" errors="0" failures="0" time="52.434521792">
      <testsuite name="SpringBoot discovery test suit" package="/Users/joe/workspace/discover-java-apps/springboot" tests="96" disabled="0" skipped="0" errors="0" failures="0" time="52.434521792" timestamp="2023-04-20T18:51:02">
          <properties>
              <property name="SuiteSucceeded" value="true"></property>
              <property name="SuiteHasProgrammaticFocus" value="false"></property>
              <property name="SpecialSuiteFailureReason" value=""></property>
              <property name="SuiteLabels" value="[]"></property>
              <property name="RandomSeed" value="1681987859"></property>
              <property name="RandomizeAllSpecs" value="false"></property>
              <property name="LabelFilter" value=""></property>
              <property name="FocusStrings" value=""></property>
              <property name="SkipStrings" value=""></property>
              <property name="FocusFiles" value=""></property>
              <property name="SkipFiles" value=""></property>
              <property name="FailOnPending" value="false"></property>
              <property name="FailFast" value="false"></property>
              <property name="FlakeAttempts" value="0"></property>
              <property name="DryRun" value="false"></property>
              <property name="ParallelTotal" value="1"></property>
              <property name="OutputInterceptorMode" value=""></property>
          </properties>
          <testcase name="[It] Stream API test test map int map to string" classname="SpringBoot discovery test suit" status="passed" time="0.000531958">
              <system-err>&gt; Enter [It] int map to string - /Users/joe/workspace/discover-java-apps/springboot/stream_test.go:17 @ 04/20/23 18:51:02.816&#xA;&lt; Exit [It] int map to string - /Users/joe/workspace/discover-java-apps/springboot/stream_test.go:17 @ 04/20/23 18:51:02.816 (0s)&#xA;</system-err>
          </testcase>
          <testcase name="[It] Stream API test test map string map to int" classname="SpringBoot discovery test suit" status="passed" time="0.000163167">
              <system-err>&gt; Enter [It] string map to int - /Users/joe/workspace/discover-java-apps/springboot/stream_test.go:28 @ 04/20/23 18:51:02.817&#xA;&lt; Exit [It] string map to int - /Users/joe/workspace/discover-java-apps/springboot/stream_test.go:28 @ 04/20/23 18:51:02.818 (0s)&#xA;</system-err>
          </testcase>
          <testcase name="[It] Stream API test test map string map to int with conversion error" classname="SpringBoot discovery test suit" status="passed" time="6.5791e-05">
              <system-err>&gt; Enter [It] string map to int with conversion error - /Users/joe/workspace/discover-java-apps/springboot/stream_test.go:39 @ 04/20/23 18:51:02.818&#xA;&lt; Exit [It] string map to int with conversion error - /Users/joe/workspace/discover-java-apps/springboot/stream_test.go:39 @ 04/20/23 18:51:02.818 (0s)&#xA;</system-err>
          </testcase>
          <testcase name="[It] Stream API test test filter filter int array" classname="SpringBoot discovery test suit" status="passed" time="0.000102709">
              <system-err>&gt; Enter [It] filter int array - /Users/joe/workspace/discover-java-apps/springboot/stream_test.go:53 @ 04/20/23 18:51:02.818&#xA;&lt; Exit [It] filter int array - /Users/joe/workspace/discover-java-apps/springboot/stream_test.go:53 @ 04/20/23 18:51:02.818 (0s)&#xA;</system-err>
          </testcase>
          <testcase name="[It] Stream API test test filter filter int array out of range" classname="SpringBoot discovery test suit" status="passed" time="4.1708e-05">
              <system-err>&gt; Enter [It] filter int array out of range - /Users/joe/workspace/discover-java-apps/springboot/stream_test.go:64 @ 04/20/23 18:51:02.819&#xA;&lt; Exit [It] filter int array out of range - /Users/joe/workspace/discover-java-apps/springboot/stream_test.go:64 @ 04/20/23 18:51:02.819 (0s)&#xA;</system-err>
          </testcase>
          <testcase name="[It] Stream API test test for each should walk through each one" classname="SpringBoot discovery test suit" status="passed" time="8.7334e-05">
              <system-err>&gt; Enter [It] should walk through each one - /Users/joe/workspace/discover-java-apps/springboot/stream_test.go:77 @ 04/20/23 18:51:02.819&#xA;&lt; Exit [It] should walk through each one - /Users/joe/workspace/discover-java-apps/springboot/stream_test.go:77 @ 04/20/23 18:51:02.819 (0s)&#xA;</system-err>
          </testcase>
          <testcase name="[It] Stream API test test peek should walk through each one" classname="SpringBoot discovery test suit" status="passed" time="0.000120042">
              <system-err>&gt; Enter [It] should walk through each one - /Users/joe/workspace/discover-java-apps/springboot/stream_test.go:97 @ 04/20/23 18:51:02.819&#xA;&lt; Exit [It] should walk through each one - /Users/joe/workspace/discover-java-apps/springboot/stream_test.go:97 @ 04/20/23 18:51:02.819 (0s)&#xA;</system-err>
          </testcase>
          <testcase name="[It] Stream API test test flat map should flat map to slice" classname="SpringBoot discovery test suit" status="passed" time="0.000217625">
              <system-err>&gt; Enter [It] should flat map to slice - /Users/joe/workspace/discover-java-apps/springboot/stream_test.go:117 @ 04/20/23 18:51:02.82&#xA;&lt; Exit [It] should flat map to slice - /Users/joe/workspace/discover-java-apps/springboot/stream_test.go:117 @ 04/20/23 18:51:02.82 (0s)&#xA;</system-err>
          </testcase>
          <testcase name="[It] Stream API test test distinct should distinct" classname="SpringBoot discovery test suit" status="passed" time="0.000119458">
              <system-err>&gt; Enter [It] should distinct - /Users/joe/workspace/discover-java-apps/springboot/stream_test.go:136 @ 04/20/23 18:51:02.82&#xA;&lt; Exit [It] should distinct - /Users/joe/workspace/discover-java-apps/springboot/stream_test.go:136 @ 04/20/23 18:51:02.821 (0s)&#xA;</system-err>
          </testcase>
          <testcase name="[It] Stream API test test string join should joined" classname="SpringBoot discovery test suit" status="passed" time="8.1709e-05">
              <system-err>&gt; Enter [It] should joined - /Users/joe/workspace/discover-java-apps/springboot/stream_test.go:147 @ 04/20/23 18:51:02.821&#xA;&lt; Exit [It] should joined - /Users/joe/workspace/discover-java-apps/springboot/stream_test.go:147 @ 04/20/23 18:51:02.821 (0s)&#xA;</system-err>
          </testcase>
          <testcase name="[It] Stream API test test take should return first n elements" classname="SpringBoot discovery test suit" status="passed" time="6.125e-05">
              <system-err>&gt; Enter [It] should return first n elements - /Users/joe/workspace/discover-java-apps/springboot/stream_test.go:156 @ 04/20/23 18:51:02.821&#xA;&lt; Exit [It] should return first n elements - /Users/joe/workspace/discover-java-apps/springboot/stream_test.go:156 @ 04/20/23 18:51:02.821 (0s)&#xA;</system-err>
          </testcase>
          <testcase name="[It] Stream API test test first should return first element" classname="SpringBoot discovery test suit" status="passed" time="3.7334e-05">
              <system-err>&gt; Enter [It] should return first element - /Users/joe/workspace/discover-java-apps/springboot/stream_test.go:165 @ 04/20/23 18:51:02.822&#xA;&lt; Exit [It] should return first element - /Users/joe/workspace/discover-java-apps/springboot/stream_test.go:165 @ 04/20/23 18:51:02.822 (0s)&#xA;</system-err>
          </testcase>
          <testcase name="[It] Stream API test test sorted should slice in order" classname="SpringBoot discovery test suit" status="passed" time="0.000505416">
              <system-err>&gt; Enter [It] should slice in order - /Users/joe/workspace/discover-java-apps/springboot/stream_test.go:173 @ 04/20/23 18:51:02.822&#xA;&lt; Exit [It] should slice in order - /Users/joe/workspace/discover-java-apps/springboot/stream_test.go:173 @ 04/20/23 18:51:02.823 (0s)&#xA;</system-err>
          </testcase>
          <testcase name="[It] Stream API test test reduce should sum as expected" classname="SpringBoot discovery test suit" status="passed" time="8.075e-05">
              <system-err>&gt; Enter [It] should sum as expected - /Users/joe/workspace/discover-java-apps/springboot/stream_test.go:185 @ 04/20/23 18:51:02.823&#xA;&lt; Exit [It] should sum as expected - /Users/joe/workspace/discover-java-apps/springboot/stream_test.go:185 @ 04/20/23 18:51:02.823 (0s)&#xA;</system-err>
          </testcase>
          <testcase name="[It] Stream API test test parallel stream should be as expected" classname="SpringBoot discovery test suit" status="passed" time="0.000401333">
              <system-err>&gt; Enter [It] should be as expected - /Users/joe/workspace/discover-java-apps/springboot/stream_test.go:198 @ 04/20/23 18:51:02.823&#xA;&lt; Exit [It] should be as expected - /Users/joe/workspace/discover-java-apps/springboot/stream_test.go:198 @ 04/20/23 18:51:02.824 (0s)&#xA;</system-err>
          </testcase>
          <testcase name="[It] Stream API test test parallel stream when distinct in parallel should distinct" classname="SpringBoot discovery test suit" status="passed" time="0.000454541">
              <system-err>&gt; Enter [It] should distinct - /Users/joe/workspace/discover-java-apps/springboot/stream_test.go:230 @ 04/20/23 18:51:02.824&#xA;&lt; Exit [It] should distinct - /Users/joe/workspace/discover-java-apps/springboot/stream_test.go:230 @ 04/20/23 18:51:02.824 (0s)&#xA;</system-err>
          </testcase>
          <testcase name="[It] Stream API test test parallel stream when error occurred with retry enabled should failed with retried" classname="SpringBoot discovery test suit" status="passed" time="2.005640917">
              <system-err>&gt; Enter [It] should failed with retried - /Users/joe/workspace/discover-java-apps/springboot/stream_test.go:246 @ 04/20/23 18:51:02.825&#xA;&lt; Exit [It] should failed with retried - /Users/joe/workspace/discover-java-apps/springboot/stream_test.go:246 @ 04/20/23 18:51:04.83 (2.006s)&#xA;</system-err>
          </testcase>
          <testcase name="[It] Stream API test test parallel stream when error occurred should be failed" classname="SpringBoot discovery test suit" status="passed" time="0.001150375">
              <system-err>&gt; Enter [It] should be failed - /Users/joe/workspace/discover-java-apps/springboot/stream_test.go:279 @ 04/20/23 18:51:04.832&#xA;&lt; Exit [It] should be failed - /Users/joe/workspace/discover-java-apps/springboot/stream_test.go:279 @ 04/20/23 18:51:04.833 (1ms)&#xA;</system-err>
          </testcase>
          <testcase name="[It] Stream API test test parallel stream when ensure it&#39;s parallel should succeeded" classname="SpringBoot discovery test suit" status="passed" time="0.009746625">
              <system-err>&gt; Enter [It] should succeeded - /Users/joe/workspace/discover-java-apps/springboot/stream_test.go:292 @ 04/20/23 18:51:04.834&#xA;STEP: running test case in gid 98 - /Users/joe/workspace/discover-java-apps/springboot/stream_test.go:295 @ 04/20/23 18:51:04.835&#xA;&lt; Exit [It] should succeeded - /Users/joe/workspace/discover-java-apps/springboot/stream_test.go:292 @ 04/20/23 18:51:04.844 (10ms)&#xA;</system-err>
          </testcase>
          <testcase name="[It] Linux java process Process scan when got success output should return process list" classname="SpringBoot discovery test suit" status="passed" time="0.00147825">
              <system-err>&gt; Enter [BeforeEach] Linux java process - /Users/joe/workspace/discover-java-apps/springboot/server_discovery_test.go:28 @ 04/20/23 18:51:04.845&#xA;&lt; Exit [BeforeEach] Linux java process - /Users/joe/workspace/discover-java-apps/springboot/server_discovery_test.go:28 @ 04/20/23 18:51:04.845 (1ms)&#xA;&gt; Enter [It] should return process list - /Users/joe/workspace/discover-java-apps/springboot/server_discovery_test.go:52 @ 04/20/23 18:51:04.845&#xA;&lt; Exit [It] should return process list - /Users/joe/workspace/discover-java-apps/springboot/server_discovery_test.go:52 @ 04/20/23 18:51:04.846 (0s)&#xA;&gt; Enter [AfterEach] Linux java process - /Users/joe/workspace/discover-java-apps/springboot/server_discovery_test.go:46 @ 04/20/23 18:51:04.846&#xA;&lt; Exit [AfterEach] Linux java process - /Users/joe/workspace/discover-java-apps/springboot/server_discovery_test.go:46 @ 04/20/23 18:51:04.846 (0s)&#xA;&gt; Enter [DeferCleanup (Each)] Linux java process - /Users/joe/go/pkg/mod/github.com/golang/mock@v1.6.0/gomock/controller.go:137 @ 04/20/23 18:51:04.846&#xA;&lt; Exit [DeferCleanup (Each)] Linux java process - /Users/joe/go/pkg/mod/github.com/golang/mock@v1.6.0/gomock/controller.go:137 @ 04/20/23 18:51:04.846 (0s)&#xA;</system-err>
          </testcase>
          <testcase name="[It] Linux java process Process scan when got empty output should return empty process list" classname="SpringBoot discovery test suit" status="passed" time="0.0008565">
              <system-err>&gt; Enter [BeforeEach] Linux java process - /Users/joe/workspace/discover-java-apps/springboot/server_discovery_test.go:28 @ 04/20/23 18:51:04.848&#xA;&lt; Exit [BeforeEach] Linux java process - /Users/joe/workspace/discover-java-apps/springboot/server_discovery_test.go:28 @ 04/20/23 18:51:04.849 (1ms)&#xA;&gt; Enter [It] should return empty process list - /Users/joe/workspace/discover-java-apps/springboot/server_discovery_test.go:66 @ 04/20/23 18:51:04.849&#xA;&lt; Exit [It] should return empty process list - /Users/joe/workspace/discover-java-apps/springboot/server_discovery_test.go:66 @ 04/20/23 18:51:04.849 (0s)&#xA;&gt; Enter [AfterEach] Linux java process - /Users/joe/workspace/discover-java-apps/springboot/server_discovery_test.go:46 @ 04/20/23 18:51:04.849&#xA;&lt; Exit [AfterEach] Linux java process - /Users/joe/workspace/discover-java-apps/springboot/server_discovery_test.go:46 @ 04/20/23 18:51:04.849 (0s)&#xA;&gt; Enter [DeferCleanup (Each)] Linux java process - /Users/joe/go/pkg/mod/github.com/golang/mock@v1.6.0/gomock/controller.go:137 @ 04/20/23 18:51:04.849&#xA;&lt; Exit [DeferCleanup (Each)] Linux java process - /Users/joe/go/pkg/mod/github.com/golang/mock@v1.6.0/gomock/controller.go:137 @ 04/20/23 18:51:04.849 (0s)&#xA;</system-err>
          </testcase>
          <testcase name="[It] Linux java process Process scan when got invalid output should return error" classname="SpringBoot discovery test suit" status="passed" time="0.000874583">
              <system-err>&gt; Enter [BeforeEach] Linux java process - /Users/joe/workspace/discover-java-apps/springboot/server_discovery_test.go:28 @ 04/20/23 18:51:04.849&#xA;&lt; Exit [BeforeEach] Linux java process - /Users/joe/workspace/discover-java-apps/springboot/server_discovery_test.go:28 @ 04/20/23 18:51:04.85 (0s)&#xA;&gt; Enter [It] should return error - /Users/joe/workspace/discover-java-apps/springboot/server_discovery_test.go:73 @ 04/20/23 18:51:04.85&#xA;&lt; Exit [It] should return error - /Users/joe/workspace/discover-java-apps/springboot/server_discovery_test.go:73 @ 04/20/23 18:51:04.85 (0s)&#xA;&gt; Enter [AfterEach] Linux java process - /Users/joe/workspace/discover-java-apps/springboot/server_discovery_test.go:46 @ 04/20/23 18:51:04.85&#xA;&lt; Exit [AfterEach] Linux java process - /Users/joe/workspace/discover-java-apps/springboot/server_discovery_test.go:46 @ 04/20/23 18:51:04.85 (0s)&#xA;&gt; Enter [DeferCleanup (Each)] Linux java process - /Users/joe/go/pkg/mod/github.com/golang/mock@v1.6.0/gomock/controller.go:137 @ 04/20/23 18:51:04.85&#xA;&lt; Exit [DeferCleanup (Each)] Linux java process - /Users/joe/go/pkg/mod/github.com/golang/mock@v1.6.0/gomock/controller.go:137 @ 04/20/23 18:51:04.85 (0s)&#xA;</system-err>
          </testcase>
          <testcase name="[It] Linux java process Process scan when got error should return error" classname="SpringBoot discovery test suit" status="passed" time="0.000846542">
              <system-err>&gt; Enter [BeforeEach] Linux java process - /Users/joe/workspace/discover-java-apps/springboot/server_discovery_test.go:28 @ 04/20/23 18:51:04.851&#xA;&lt; Exit [BeforeEach] Linux java process - /Users/joe/workspace/discover-java-apps/springboot/server_discovery_test.go:28 @ 04/20/23 18:51:04.851 (0s)&#xA;&gt; Enter [It] should return error - /Users/joe/workspace/discover-java-apps/springboot/server_discovery_test.go:80 @ 04/20/23 18:51:04.851&#xA;&lt; Exit [It] should return error - /Users/joe/workspace/discover-java-apps/springboot/server_discovery_test.go:80 @ 04/20/23 18:51:04.851 (0s)&#xA;&gt; Enter [AfterEach] Linux java process - /Users/joe/workspace/discover-java-apps/springboot/server_discovery_test.go:46 @ 04/20/23 18:51:04.851&#xA;&lt; Exit [AfterEach] Linux java process - /Users/joe/workspace/discover-java-apps/springboot/server_discovery_test.go:46 @ 04/20/23 18:51:04.851 (0s)&#xA;&gt; Enter [DeferCleanup (Each)] Linux java process - /Users/joe/go/pkg/mod/github.com/golang/mock@v1.6.0/gomock/controller.go:137 @ 04/20/23 18:51:04.851&#xA;&lt; Exit [DeferCleanup (Each)] Linux java process - /Users/joe/go/pkg/mod/github.com/golang/mock@v1.6.0/gomock/controller.go:137 @ 04/20/23 18:51:04.852 (0s)&#xA;</system-err>
          </testcase>
          <testcase name="[It] Linux java process Get os total memory when got success output should return memory size in bytes" classname="SpringBoot discovery test suit" status="passed" time="0.000686917">
              <system-err>&gt; Enter [BeforeEach] Linux java process - /Users/joe/workspace/discover-java-apps/springboot/server_discovery_test.go:28 @ 04/20/23 18:51:04.852&#xA;&lt; Exit [BeforeEach] Linux java process - /Users/joe/workspace/discover-java-apps/springboot/server_discovery_test.go:28 @ 04/20/23 18:51:04.852 (0s)&#xA;&gt; Enter [It] should return memory size in bytes - /Users/joe/workspace/discover-java-apps/springboot/server_discovery_test.go:89 @ 04/20/23 18:51:04.852&#xA;&lt; Exit [It] should return memory size in bytes - /Users/joe/workspace/discover-java-apps/springboot/server_discovery_test.go:89 @ 04/20/23 18:51:04.853 (0s)&#xA;&gt; Enter [AfterEach] Linux java process - /Users/joe/workspace/discover-java-apps/springboot/server_discovery_test.go:46 @ 04/20/23 18:51:04.853&#xA;&lt; Exit [AfterEach] Linux java process - /Users/joe/workspace/discover-java-apps/springboot/server_discovery_test.go:46 @ 04/20/23 18:51:04.853 (0s)&#xA;&gt; Enter [DeferCleanup (Each)] Linux java process - /Users/joe/go/pkg/mod/github.com/golang/mock@v1.6.0/gomock/controller.go:137 @ 04/20/23 18:51:04.853&#xA;&lt; Exit [DeferCleanup (Each)] Linux java process - /Users/joe/go/pkg/mod/github.com/golang/mock@v1.6.0/gomock/controller.go:137 @ 04/20/23 18:51:04.853 (0s)&#xA;</system-err>
          </testcase>
          <testcase name="[It] Linux java process Get os total memory when got empty output should return error" classname="SpringBoot discovery test suit" status="passed" time="0.000622167">
              <system-err>&gt; Enter [BeforeEach] Linux java process - /Users/joe/workspace/discover-java-apps/springboot/server_discovery_test.go:28 @ 04/20/23 18:51:04.853&#xA;&lt; Exit [BeforeEach] Linux java process - /Users/joe/workspace/discover-java-apps/springboot/server_discovery_test.go:28 @ 04/20/23 18:51:04.854 (0s)&#xA;&gt; Enter [It] should return error - /Users/joe/workspace/discover-java-apps/springboot/server_discovery_test.go:95 @ 04/20/23 18:51:04.854&#xA;&lt; Exit [It] should return error - /Users/joe/workspace/discover-java-apps/springboot/server_discovery_test.go:95 @ 04/20/23 18:51:04.854 (0s)&#xA;&gt; Enter [AfterEach] Linux java process - /Users/joe/workspace/discover-java-apps/springboot/server_discovery_test.go:46 @ 04/20/23 18:51:04.854&#xA;&lt; Exit [AfterEach] Linux java process - /Users/joe/workspace/discover-java-apps/springboot/server_discovery_test.go:46 @ 04/20/23 18:51:04.854 (0s)&#xA;&gt; Enter [DeferCleanup (Each)] Linux java process - /Users/joe/go/pkg/mod/github.com/golang/mock@v1.6.0/gomock/controller.go:137 @ 04/20/23 18:51:04.854&#xA;&lt; Exit [DeferCleanup (Each)] Linux java process - /Users/joe/go/pkg/mod/github.com/golang/mock@v1.6.0/gomock/controller.go:137 @ 04/20/23 18:51:04.854 (0s)&#xA;</system-err>
          </testcase>
          <testcase name="[It] Linux java process Get os total memory when got invalid output should return error" classname="SpringBoot discovery test suit" status="passed" time="0.000590958">
              <system-err>&gt; Enter [BeforeEach] Linux java process - /Users/joe/workspace/discover-java-apps/springboot/server_discovery_test.go:28 @ 04/20/23 18:51:04.854&#xA;&lt; Exit [BeforeEach] Linux java process - /Users/joe/workspace/discover-java-apps/springboot/server_discovery_test.go:28 @ 04/20/23 18:51:04.855 (0s)&#xA;&gt; Enter [It] should return error - /Users/joe/workspace/discover-java-apps/springboot/server_discovery_test.go:101 @ 04/20/23 18:51:04.855&#xA;&lt; Exit [It] should return error - /Users/joe/workspace/discover-java-apps/springboot/server_discovery_test.go:101 @ 04/20/23 18:51:04.855 (0s)&#xA;&gt; Enter [AfterEach] Linux java process - /Users/joe/workspace/discover-java-apps/springboot/server_discovery_test.go:46 @ 04/20/23 18:51:04.855&#xA;&lt; Exit [AfterEach] Linux java process - /Users/joe/workspace/discover-java-apps/springboot/server_discovery_test.go:46 @ 04/20/23 18:51:04.855 (0s)&#xA;&gt; Enter [DeferCleanup (Each)] Linux java process - /Users/joe/go/pkg/mod/github.com/golang/mock@v1.6.0/gomock/controller.go:137 @ 04/20/23 18:51:04.855&#xA;&lt; Exit [DeferCleanup (Each)] Linux java process - /Users/joe/go/pkg/mod/github.com/golang/mock@v1.6.0/gomock/controller.go:137 @ 04/20/23 18:51:04.855 (0s)&#xA;</system-err>
          </testcase>
          <testcase name="[It] Linux java process Get os total memory when got error should return error" classname="SpringBoot discovery test suit" status="passed" time="0.000678666">
              <system-err>&gt; Enter [BeforeEach] Linux java process - /Users/joe/workspace/discover-java-apps/springboot/server_discovery_test.go:28 @ 04/20/23 18:51:04.855&#xA;&lt; Exit [BeforeEach] Linux java process - /Users/joe/workspace/discover-java-apps/springboot/server_discovery_test.go:28 @ 04/20/23 18:51:04.856 (0s)&#xA;&gt; Enter [It] should return error - /Users/joe/workspace/discover-java-apps/springboot/server_discovery_test.go:107 @ 04/20/23 18:51:04.856&#xA;&lt; Exit [It] should return error - /Users/joe/workspace/discover-java-apps/springboot/server_discovery_test.go:107 @ 04/20/23 18:51:04.856 (0s)&#xA;&gt; Enter [AfterEach] Linux java process - /Users/joe/workspace/discover-java-apps/springboot/server_discovery_test.go:46 @ 04/20/23 18:51:04.856&#xA;&lt; Exit [AfterEach] Linux java process - /Users/joe/workspace/discover-java-apps/springboot/server_discovery_test.go:46 @ 04/20/23 18:51:04.856 (0s)&#xA;&gt; Enter [DeferCleanup (Each)] Linux java process - /Users/joe/go/pkg/mod/github.com/golang/mock@v1.6.0/gomock/controller.go:137 @ 04/20/23 18:51:04.856&#xA;&lt; Exit [DeferCleanup (Each)] Linux java process - /Users/joe/go/pkg/mod/github.com/golang/mock@v1.6.0/gomock/controller.go:137 @ 04/20/23 18:51:04.856 (0s)&#xA;</system-err>
          </testcase>
          <testcase name="[It] Linux java process Parse jarfile for spring boot when spring boot 1.x jar file read should be parsed as expected" classname="SpringBoot discovery test suit" status="passed" time="0.026830375">
              <system-err>&gt; Enter [BeforeEach] Linux java process - /Users/joe/workspace/discover-java-apps/springboot/server_discovery_test.go:28 @ 04/20/23 18:51:04.856&#xA;&lt; Exit [BeforeEach] Linux java process - /Users/joe/workspace/discover-java-apps/springboot/server_discovery_test.go:28 @ 04/20/23 18:51:04.857 (0s)&#xA;&gt; Enter [BeforeEach] Parse jarfile for spring boot - /Users/joe/workspace/discover-java-apps/springboot/server_discovery_test.go:122 @ 04/20/23 18:51:04.857&#xA;&lt; Exit [BeforeEach] Parse jarfile for spring boot - /Users/joe/workspace/discover-java-apps/springboot/server_discovery_test.go:122 @ 04/20/23 18:51:04.857 (0s)&#xA;&gt; Enter [BeforeEach] when spring boot 1.x jar file read - /Users/joe/workspace/discover-java-apps/springboot/server_discovery_test.go:129 @ 04/20/23 18:51:04.857&#xA;&lt; Exit [BeforeEach] when spring boot 1.x jar file read - /Users/joe/workspace/discover-java-apps/springboot/server_discovery_test.go:129 @ 04/20/23 18:51:04.872 (15ms)&#xA;&gt; Enter [It] should be parsed as expected - /Users/joe/workspace/discover-java-apps/springboot/server_discovery_test.go:142 @ 04/20/23 18:51:04.872&#xA;&lt; Exit [It] should be parsed as expected - /Users/joe/workspace/discover-java-apps/springboot/server_discovery_test.go:142 @ 04/20/23 18:51:04.883 (11ms)&#xA;&gt; Enter [AfterEach] Linux java process - /Users/joe/workspace/discover-java-apps/springboot/server_discovery_test.go:46 @ 04/20/23 18:51:04.883&#xA;&lt; Exit [AfterEach] Linux java process - /Users/joe/workspace/discover-java-apps/springboot/server_discovery_test.go:46 @ 04/20/23 18:51:04.883 (0s)&#xA;&gt; Enter [DeferCleanup (Each)] Linux java process - /Users/joe/go/pkg/mod/github.com/golang/mock@v1.6.0/gomock/controller.go:137 @ 04/20/23 18:51:04.883&#xA;&lt; Exit [DeferCleanup (Each)] Linux java process - /Users/joe/go/pkg/mod/github.com/golang/mock@v1.6.0/gomock/controller.go:137 @ 04/20/23 18:51:04.883 (0s)&#xA;</system-err>
          </testcase>
          <testcase name="[It] Linux java process Parse jarfile for spring boot when spring boot 2.x jar file read should be parsed as expected" classname="SpringBoot discovery test suit" status="passed" time="0.093594083">
              <system-err>&gt; Enter [BeforeEach] Linux java process - /Users/joe/workspace/discover-java-apps/springboot/server_discovery_test.go:28 @ 04/20/23 18:51:04.884&#xA;&lt; Exit [BeforeEach] Linux java process - /Users/joe/workspace/discover-java-apps/springboot/server_discovery_test.go:28 @ 04/20/23 18:51:04.884 (0s)&#xA;&gt; Enter [BeforeEach] Parse jarfile for spring boot - /Users/joe/workspace/discover-java-apps/springboot/server_discovery_test.go:122 @ 04/20/23 18:51:04.884&#xA;&lt; Exit [BeforeEach] Parse jarfile for spring boot - /Users/joe/workspace/discover-java-apps/springboot/server_discovery_test.go:122 @ 04/20/23 18:51:04.884 (0s)&#xA;&gt; Enter [BeforeEach] when spring boot 2.x jar file read - /Users/joe/workspace/discover-java-apps/springboot/server_discovery_test.go:164 @ 04/20/23 18:51:04.884&#xA;&lt; Exit [BeforeEach] when spring boot 2.x jar file read - /Users/joe/workspace/discover-java-apps/springboot/server_discovery_test.go:164 @ 04/20/23 18:51:04.932 (48ms)&#xA;&gt; Enter [It] should be parsed as expected - /Users/joe/workspace/discover-java-apps/springboot/server_discovery_test.go:177 @ 04/20/23 18:51:04.932&#xA;&lt; Exit [It] should be parsed as expected - /Users/joe/workspace/discover-java-apps/springboot/server_discovery_test.go:177 @ 04/20/23 18:51:04.977 (45ms)&#xA;&gt; Enter [AfterEach] Linux java process - /Users/joe/workspace/discover-java-apps/springboot/server_discovery_test.go:46 @ 04/20/23 18:51:04.977&#xA;&lt; Exit [AfterEach] Linux java process - /Users/joe/workspace/discover-java-apps/springboot/server_discovery_test.go:46 @ 04/20/23 18:51:04.977 (0s)&#xA;&gt; Enter [DeferCleanup (Each)] Linux java process - /Users/joe/go/pkg/mod/github.com/golang/mock@v1.6.0/gomock/controller.go:137 @ 04/20/23 18:51:04.977&#xA;&lt; Exit [DeferCleanup (Each)] Linux java process - /Users/joe/go/pkg/mod/github.com/golang/mock@v1.6.0/gomock/controller.go:137 @ 04/20/23 18:51:04.977 (0s)&#xA;</system-err>
          </testcase>
          <testcase name="[It] Linux java process Parse jarfile for spring boot when executable jar file read should be parsed as expected" classname="SpringBoot discovery test suit" status="passed" time="0.003658458">
              <system-err>&gt; Enter [BeforeEach] Linux java process - /Users/joe/workspace/discover-java-apps/springboot/server_discovery_test.go:28 @ 04/20/23 18:51:04.978&#xA;&lt; Exit [BeforeEach] Linux java process - /Users/joe/workspace/discover-java-apps/springboot/server_discovery_test.go:28 @ 04/20/23 18:51:04.978 (0s)&#xA;&gt; Enter [BeforeEach] Parse jarfile for spring boot - /Users/joe/workspace/discover-java-apps/springboot/server_discovery_test.go:122 @ 04/20/23 18:51:04.978&#xA;&lt; Exit [BeforeEach] Parse jarfile for spring boot - /Users/joe/workspace/discover-java-apps/springboot/server_discovery_test.go:122 @ 04/20/23 18:51:04.978 (0s)&#xA;&gt; Enter [BeforeEach] when executable jar file read - /Users/joe/workspace/discover-java-apps/springboot/server_discovery_test.go:207 @ 04/20/23 18:51:04.978&#xA;&lt; Exit [BeforeEach] when executable jar file read - /Users/joe/workspace/discover-java-apps/springboot/server_discovery_test.go:207 @ 04/20/23 18:51:04.979 (2ms)&#xA;&gt; Enter [It] should be parsed as expected - /Users/joe/workspace/discover-java-apps/springboot/server_discovery_test.go:221 @ 04/20/23 18:51:04.979&#xA;&lt; Exit [It] should be parsed as expected - /Users/joe/workspace/discover-java-apps/springboot/server_discovery_test.go:221 @ 04/20/23 18:51:04.981 (2ms)&#xA;&gt; Enter [AfterEach] Linux java process - /Users/joe/workspace/discover-java-apps/springboot/server_discovery_test.go:46 @ 04/20/23 18:51:04.981&#xA;&lt; Exit [AfterEach] Linux java process - /Users/joe/workspace/discover-java-apps/springboot/server_discovery_test.go:46 @ 04/20/23 18:51:04.981 (0s)&#xA;&gt; Enter [DeferCleanup (Each)] Linux java process - /Users/joe/go/pkg/mod/github.com/golang/mock@v1.6.0/gomock/controller.go:137 @ 04/20/23 18:51:04.981&#xA;&lt; Exit [DeferCleanup (Each)] Linux java process - /Users/joe/go/pkg/mod/github.com/golang/mock@v1.6.0/gomock/controller.go:137 @ 04/20/23 18:51:04.981 (0s)&#xA;</system-err>
          </testcase>
          <testcase name="[It] Linux java process Get OS name should return as expected" classname="SpringBoot discovery test suit" status="passed" time="0.000340125">
              <system-err>&gt; Enter [BeforeEach] Linux java process - /Users/joe/workspace/discover-java-apps/springboot/server_discovery_test.go:28 @ 04/20/23 18:51:04.981&#xA;&lt; Exit [BeforeEach] Linux java process - /Users/joe/workspace/discover-java-apps/springboot/server_discovery_test.go:28 @ 04/20/23 18:51:04.982 (0s)&#xA;&gt; Enter [It] should return as expected - /Users/joe/workspace/discover-java-apps/springboot/server_discovery_test.go:242 @ 04/20/23 18:51:04.982&#xA;&lt; Exit [It] should return as expected - /Users/joe/workspace/discover-java-apps/springboot/server_discovery_test.go:242 @ 04/20/23 18:51:04.982 (0s)&#xA;&gt; Enter [AfterEach] Linux java process - /Users/joe/workspace/discover-java-apps/springboot/server_discovery_test.go:46 @ 04/20/23 18:51:04.982&#xA;&lt; Exit [AfterEach] Linux java process - /Users/joe/workspace/discover-java-apps/springboot/server_discovery_test.go:46 @ 04/20/23 18:51:04.982 (0s)&#xA;&gt; Enter [DeferCleanup (Each)] Linux java process - /Users/joe/go/pkg/mod/github.com/golang/mock@v1.6.0/gomock/controller.go:137 @ 04/20/23 18:51:04.982&#xA;&lt; Exit [DeferCleanup (Each)] Linux java process - /Users/joe/go/pkg/mod/github.com/golang/mock@v1.6.0/gomock/controller.go:137 @ 04/20/23 18:51:04.982 (0s)&#xA;</system-err>
          </testcase>
          <testcase name="[It] Linux java process Get OS version should return as expected" classname="SpringBoot discovery test suit" status="passed" time="0.000333">
              <system-err>&gt; Enter [BeforeEach] Linux java process - /Users/joe/workspace/discover-java-apps/springboot/server_discovery_test.go:28 @ 04/20/23 18:51:04.982&#xA;&lt; Exit [BeforeEach] Linux java process - /Users/joe/workspace/discover-java-apps/springboot/server_discovery_test.go:28 @ 04/20/23 18:51:04.982 (0s)&#xA;&gt; Enter [It] should return as expected - /Users/joe/workspace/discover-java-apps/springboot/server_discovery_test.go:250 @ 04/20/23 18:51:04.982&#xA;&lt; Exit [It] should return as expected - /Users/joe/workspace/discover-java-apps/springboot/server_discovery_test.go:250 @ 04/20/23 18:51:04.982 (0s)&#xA;&gt; Enter [AfterEach] Linux java process - /Users/joe/workspace/discover-java-apps/springboot/server_discovery_test.go:46 @ 04/20/23 18:51:04.982&#xA;&lt; Exit [AfterEach] Linux java process - /Users/joe/workspace/discover-java-apps/springboot/server_discovery_test.go:46 @ 04/20/23 18:51:04.982 (0s)&#xA;&gt; Enter [DeferCleanup (Each)] Linux java process - /Users/joe/go/pkg/mod/github.com/golang/mock@v1.6.0/gomock/controller.go:137 @ 04/20/23 18:51:04.982&#xA;&lt; Exit [DeferCleanup (Each)] Linux java process - /Users/joe/go/pkg/mod/github.com/golang/mock@v1.6.0/gomock/controller.go:137 @ 04/20/23 18:51:04.982 (0s)&#xA;</system-err>
          </testcase>
          <testcase name="[It] Linux java process Prepare server discovery when connect succeeded should succeeded" classname="SpringBoot discovery test suit" status="passed" time="0.000515167">
              <system-err>&gt; Enter [BeforeEach] Linux java process - /Users/joe/workspace/discover-java-apps/springboot/server_discovery_test.go:28 @ 04/20/23 18:51:04.983&#xA;&lt; Exit [BeforeEach] Linux java process - /Users/joe/workspace/discover-java-apps/springboot/server_discovery_test.go:28 @ 04/20/23 18:51:04.983 (0s)&#xA;&gt; Enter [BeforeEach] Prepare server discovery - /Users/joe/workspace/discover-java-apps/springboot/server_discovery_test.go:261 @ 04/20/23 18:51:04.983&#xA;&lt; Exit [BeforeEach] Prepare server discovery - /Users/joe/workspace/discover-java-apps/springboot/server_discovery_test.go:261 @ 04/20/23 18:51:04.983 (0s)&#xA;&gt; Enter [It] should succeeded - /Users/joe/workspace/discover-java-apps/springboot/server_discovery_test.go:277 @ 04/20/23 18:51:04.983&#xA;&lt; Exit [It] should succeeded - /Users/joe/workspace/discover-java-apps/springboot/server_discovery_test.go:277 @ 04/20/23 18:51:04.983 (0s)&#xA;&gt; Enter [AfterEach] Linux java process - /Users/joe/workspace/discover-java-apps/springboot/server_discovery_test.go:46 @ 04/20/23 18:51:04.983&#xA;&lt; Exit [AfterEach] Linux java process - /Users/joe/workspace/discover-java-apps/springboot/server_discovery_test.go:46 @ 04/20/23 18:51:04.983 (0s)&#xA;&gt; Enter [DeferCleanup (Each)] Linux java process - /Users/joe/go/pkg/mod/github.com/golang/mock@v1.6.0/gomock/controller.go:137 @ 04/20/23 18:51:04.983&#xA;&lt; Exit [DeferCleanup (Each)] Linux java process - /Users/joe/go/pkg/mod/github.com/golang/mock@v1.6.0/gomock/controller.go:137 @ 04/20/23 18:51:04.983 (0s)&#xA;</system-err>
          </testcase>
          <testcase name="[It] Linux java process Prepare server discovery when credentials are empty connect should failed with credential error" classname="SpringBoot discovery test suit" status="passed" time="0.000407125">
              <system-err>&gt; Enter [BeforeEach] Linux java process - /Users/joe/workspace/discover-java-apps/springboot/server_discovery_test.go:28 @ 04/20/23 18:51:04.983&#xA;&lt; Exit [BeforeEach] Linux java process - /Users/joe/workspace/discover-java-apps/springboot/server_discovery_test.go:28 @ 04/20/23 18:51:04.983 (0s)&#xA;&gt; Enter [BeforeEach] Prepare server discovery - /Users/joe/workspace/discover-java-apps/springboot/server_discovery_test.go:261 @ 04/20/23 18:51:04.984&#xA;&lt; Exit [BeforeEach] Prepare server discovery - /Users/joe/workspace/discover-java-apps/springboot/server_discovery_test.go:261 @ 04/20/23 18:51:04.984 (0s)&#xA;&gt; Enter [It] connect should failed with credential error - /Users/joe/workspace/discover-java-apps/springboot/server_discovery_test.go:285 @ 04/20/23 18:51:04.984&#xA;&lt; Exit [It] connect should failed with credential error - /Users/joe/workspace/discover-java-apps/springboot/server_discovery_test.go:285 @ 04/20/23 18:51:04.984 (0s)&#xA;&gt; Enter [AfterEach] Linux java process - /Users/joe/workspace/discover-java-apps/springboot/server_discovery_test.go:46 @ 04/20/23 18:51:04.984&#xA;&lt; Exit [AfterEach] Linux java process - /Users/joe/workspace/discover-java-apps/springboot/server_discovery_test.go:46 @ 04/20/23 18:51:04.984 (0s)&#xA;&gt; Enter [DeferCleanup (Each)] Linux java process - /Users/joe/go/pkg/mod/github.com/golang/mock@v1.6.0/gomock/controller.go:137 @ 04/20/23 18:51:04.984&#xA;&lt; Exit [DeferCleanup (Each)] Linux java process - /Users/joe/go/pkg/mod/github.com/golang/mock@v1.6.0/gomock/controller.go:137 @ 04/20/23 18:51:04.984 (0s)&#xA;</system-err>
          </testcase>
          <testcase name="[It] Linux java process Prepare server discovery when get credentials has error connect should failed with credential error" classname="SpringBoot discovery test suit" status="passed" time="0.000398333">
              <system-err>&gt; Enter [BeforeEach] Linux java process - /Users/joe/workspace/discover-java-apps/springboot/server_discovery_test.go:28 @ 04/20/23 18:51:04.984&#xA;&lt; Exit [BeforeEach] Linux java process - /Users/joe/workspace/discover-java-apps/springboot/server_discovery_test.go:28 @ 04/20/23 18:51:04.984 (0s)&#xA;&gt; Enter [BeforeEach] Prepare server discovery - /Users/joe/workspace/discover-java-apps/springboot/server_discovery_test.go:261 @ 04/20/23 18:51:04.984&#xA;&lt; Exit [BeforeEach] Prepare server discovery - /Users/joe/workspace/discover-java-apps/springboot/server_discovery_test.go:261 @ 04/20/23 18:51:04.984 (0s)&#xA;&gt; Enter [It] connect should failed with credential error - /Users/joe/workspace/discover-java-apps/springboot/server_discovery_test.go:293 @ 04/20/23 18:51:04.984&#xA;&lt; Exit [It] connect should failed with credential error - /Users/joe/workspace/discover-java-apps/springboot/server_discovery_test.go:293 @ 04/20/23 18:51:04.984 (0s)&#xA;&gt; Enter [AfterEach] Linux java process - /Users/joe/workspace/discover-java-apps/springboot/server_discovery_test.go:46 @ 04/20/23 18:51:04.984&#xA;&lt; Exit [AfterEach] Linux java process - /Users/joe/workspace/discover-java-apps/springboot/server_discovery_test.go:46 @ 04/20/23 18:51:04.984 (0s)&#xA;&gt; Enter [DeferCleanup (Each)] Linux java process - /Users/joe/go/pkg/mod/github.com/golang/mock@v1.6.0/gomock/controller.go:137 @ 04/20/23 18:51:04.984&#xA;&lt; Exit [DeferCleanup (Each)] Linux java process - /Users/joe/go/pkg/mod/github.com/golang/mock@v1.6.0/gomock/controller.go:137 @ 04/20/23 18:51:04.984 (0s)&#xA;</system-err>
          </testcase>
          <testcase name="[It] Linux java process Prepare server discovery when multiple credentials get should succeeded for one of them" classname="SpringBoot discovery test suit" status="passed" time="0.00218">
              <system-err>&gt; Enter [BeforeEach] Linux java process - /Users/joe/workspace/discover-java-apps/springboot/server_discovery_test.go:28 @ 04/20/23 18:51:04.985&#xA;&lt; Exit [BeforeEach] Linux java process - /Users/joe/workspace/discover-java-apps/springboot/server_discovery_test.go:28 @ 04/20/23 18:51:04.985 (0s)&#xA;&gt; Enter [BeforeEach] Prepare server discovery - /Users/joe/workspace/discover-java-apps/springboot/server_discovery_test.go:261 @ 04/20/23 18:51:04.985&#xA;&lt; Exit [BeforeEach] Prepare server discovery - /Users/joe/workspace/discover-java-apps/springboot/server_discovery_test.go:261 @ 04/20/23 18:51:04.985 (0s)&#xA;&gt; Enter [It] should succeeded for one of them - /Users/joe/workspace/discover-java-apps/springboot/server_discovery_test.go:302 @ 04/20/23 18:51:04.985&#xA;&lt; Exit [It] should succeeded for one of them - /Users/joe/workspace/discover-java-apps/springboot/server_discovery_test.go:302 @ 04/20/23 18:51:04.987 (2ms)&#xA;&gt; Enter [AfterEach] Linux java process - /Users/joe/workspace/discover-java-apps/springboot/server_discovery_test.go:46 @ 04/20/23 18:51:04.987&#xA;&lt; Exit [AfterEach] Linux java process - /Users/joe/workspace/discover-java-apps/springboot/server_discovery_test.go:46 @ 04/20/23 18:51:04.987 (0s)&#xA;&gt; Enter [DeferCleanup (Each)] Linux java process - /Users/joe/go/pkg/mod/github.com/golang/mock@v1.6.0/gomock/controller.go:137 @ 04/20/23 18:51:04.987&#xA;&lt; Exit [DeferCleanup (Each)] Linux java process - /Users/joe/go/pkg/mod/github.com/golang/mock@v1.6.0/gomock/controller.go:137 @ 04/20/23 18:51:04.987 (0s)&#xA;</system-err>
          </testcase>
          <testcase name="[It] Linux java process Prepare server discovery when multiple credentials get, when slow connect should succeeded finally" classname="SpringBoot discovery test suit" status="passed" time="50.017633833">
              <system-err>&gt; Enter [BeforeEach] Linux java process - /Users/joe/workspace/discover-java-apps/springboot/server_discovery_test.go:28 @ 04/20/23 18:51:04.987&#xA;&lt; Exit [BeforeEach] Linux java process - /Users/joe/workspace/discover-java-apps/springboot/server_discovery_test.go:28 @ 04/20/23 18:51:04.987 (0s)&#xA;&gt; Enter [BeforeEach] Prepare server discovery - /Users/joe/workspace/discover-java-apps/springboot/server_discovery_test.go:261 @ 04/20/23 18:51:04.987&#xA;&lt; Exit [BeforeEach] Prepare server discovery - /Users/joe/workspace/discover-java-apps/springboot/server_discovery_test.go:261 @ 04/20/23 18:51:04.987 (0s)&#xA;&gt; Enter [It] should succeeded finally - /Users/joe/workspace/discover-java-apps/springboot/server_discovery_test.go:312 @ 04/20/23 18:51:04.987&#xA;&lt; Exit [It] should succeeded finally - /Users/joe/workspace/discover-java-apps/springboot/server_discovery_test.go:312 @ 04/20/23 18:51:55.004 (50.017s)&#xA;&gt; Enter [AfterEach] Linux java process - /Users/joe/workspace/discover-java-apps/springboot/server_discovery_test.go:46 @ 04/20/23 18:51:55.004&#xA;&lt; Exit [AfterEach] Linux java process - /Users/joe/workspace/discover-java-apps/springboot/server_discovery_test.go:46 @ 04/20/23 18:51:55.004 (0s)&#xA;&gt; Enter [DeferCleanup (Each)] Linux java process - /Users/joe/go/pkg/mod/github.com/golang/mock@v1.6.0/gomock/controller.go:137 @ 04/20/23 18:51:55.004&#xA;&lt; Exit [DeferCleanup (Each)] Linux java process - /Users/joe/go/pkg/mod/github.com/golang/mock@v1.6.0/gomock/controller.go:137 @ 04/20/23 18:51:55.005 (0s)&#xA;</system-err>
          </testcase>
          <testcase name="[It] Linux java process Prepare server discovery when multiple credentials get, when error occurred for all should failed" classname="SpringBoot discovery test suit" status="passed" time="0.006925958">
              <system-err>&gt; Enter [BeforeEach] Linux java process - /Users/joe/workspace/discover-java-apps/springboot/server_discovery_test.go:28 @ 04/20/23 18:51:55.006&#xA;&lt; Exit [BeforeEach] Linux java process - /Users/joe/workspace/discover-java-apps/springboot/server_discovery_test.go:28 @ 04/20/23 18:51:55.008 (1ms)&#xA;&gt; Enter [BeforeEach] Prepare server discovery - /Users/joe/workspace/discover-java-apps/springboot/server_discovery_test.go:261 @ 04/20/23 18:51:55.008&#xA;&lt; Exit [BeforeEach] Prepare server discovery - /Users/joe/workspace/discover-java-apps/springboot/server_discovery_test.go:261 @ 04/20/23 18:51:55.008 (0s)&#xA;&gt; Enter [It] should failed - /Users/joe/workspace/discover-java-apps/springboot/server_discovery_test.go:323 @ 04/20/23 18:51:55.008&#xA;&lt; Exit [It] should failed - /Users/joe/workspace/discover-java-apps/springboot/server_discovery_test.go:323 @ 04/20/23 18:51:55.013 (5ms)&#xA;&gt; Enter [AfterEach] Linux java process - /Users/joe/workspace/discover-java-apps/springboot/server_discovery_test.go:46 @ 04/20/23 18:51:55.013&#xA;&lt; Exit [AfterEach] Linux java process - /Users/joe/workspace/discover-java-apps/springboot/server_discovery_test.go:46 @ 04/20/23 18:51:55.013 (0s)&#xA;&gt; Enter [DeferCleanup (Each)] Linux java process - /Users/joe/go/pkg/mod/github.com/golang/mock@v1.6.0/gomock/controller.go:137 @ 04/20/23 18:51:55.013&#xA;&lt; Exit [DeferCleanup (Each)] Linux java process - /Users/joe/go/pkg/mod/github.com/golang/mock@v1.6.0/gomock/controller.go:137 @ 04/20/23 18:51:55.013 (0s)&#xA;</system-err>
          </testcase>
          <testcase name="[It] Linux java process Prepare server discovery when multiple credentials get, when error occurred in partial should succeeded" classname="SpringBoot discovery test suit" status="passed" time="0.005516709">
              <system-err>&gt; Enter [BeforeEach] Linux java process - /Users/joe/workspace/discover-java-apps/springboot/server_discovery_test.go:28 @ 04/20/23 18:51:55.014&#xA;&lt; Exit [BeforeEach] Linux java process - /Users/joe/workspace/discover-java-apps/springboot/server_discovery_test.go:28 @ 04/20/23 18:51:55.015 (1ms)&#xA;&gt; Enter [BeforeEach] Prepare server discovery - /Users/joe/workspace/discover-java-apps/springboot/server_discovery_test.go:261 @ 04/20/23 18:51:55.015&#xA;&lt; Exit [BeforeEach] Prepare server discovery - /Users/joe/workspace/discover-java-apps/springboot/server_discovery_test.go:261 @ 04/20/23 18:51:55.015 (0s)&#xA;&gt; Enter [It] should succeeded - /Users/joe/workspace/discover-java-apps/springboot/server_discovery_test.go:334 @ 04/20/23 18:51:55.015&#xA;&lt; Exit [It] should succeeded - /Users/joe/workspace/discover-java-apps/springboot/server_discovery_test.go:334 @ 04/20/23 18:51:55.02 (5ms)&#xA;&gt; Enter [AfterEach] Linux java process - /Users/joe/workspace/discover-java-apps/springboot/server_discovery_test.go:46 @ 04/20/23 18:51:55.02&#xA;&lt; Exit [AfterEach] Linux java process - /Users/joe/workspace/discover-java-apps/springboot/server_discovery_test.go:46 @ 04/20/23 18:51:55.02 (0s)&#xA;&gt; Enter [DeferCleanup (Each)] Linux java process - /Users/joe/go/pkg/mod/github.com/golang/mock@v1.6.0/gomock/controller.go:137 @ 04/20/23 18:51:55.02&#xA;&lt; Exit [DeferCleanup (Each)] Linux java process - /Users/joe/go/pkg/mod/github.com/golang/mock@v1.6.0/gomock/controller.go:137 @ 04/20/23 18:51:55.02 (0s)&#xA;</system-err>
          </testcase>
          <testcase name="[It] Linux java process Prepare server discovery when multiple credentials get, when auth error occurred should succeeded" classname="SpringBoot discovery test suit" status="passed" time="0.005199459">
              <system-err>&gt; Enter [BeforeEach] Linux java process - /Users/joe/workspace/discover-java-apps/springboot/server_discovery_test.go:28 @ 04/20/23 18:51:55.021&#xA;&lt; Exit [BeforeEach] Linux java process - /Users/joe/workspace/discover-java-apps/springboot/server_discovery_test.go:28 @ 04/20/23 18:51:55.021 (0s)&#xA;&gt; Enter [BeforeEach] Prepare server discovery - /Users/joe/workspace/discover-java-apps/springboot/server_discovery_test.go:261 @ 04/20/23 18:51:55.021&#xA;&lt; Exit [BeforeEach] Prepare server discovery - /Users/joe/workspace/discover-java-apps/springboot/server_discovery_test.go:261 @ 04/20/23 18:51:55.021 (0s)&#xA;&gt; Enter [It] should succeeded - /Users/joe/workspace/discover-java-apps/springboot/server_discovery_test.go:347 @ 04/20/23 18:51:55.021&#xA;&lt; Exit [It] should succeeded - /Users/joe/workspace/discover-java-apps/springboot/server_discovery_test.go:347 @ 04/20/23 18:51:55.026 (4ms)&#xA;&gt; Enter [AfterEach] Linux java process - /Users/joe/workspace/discover-java-apps/springboot/server_discovery_test.go:46 @ 04/20/23 18:51:55.026&#xA;&lt; Exit [AfterEach] Linux java process - /Users/joe/workspace/discover-java-apps/springboot/server_discovery_test.go:46 @ 04/20/23 18:51:55.026 (0s)&#xA;&gt; Enter [DeferCleanup (Each)] Linux java process - /Users/joe/go/pkg/mod/github.com/golang/mock@v1.6.0/gomock/controller.go:137 @ 04/20/23 18:51:55.026&#xA;&lt; Exit [DeferCleanup (Each)] Linux java process - /Users/joe/go/pkg/mod/github.com/golang/mock@v1.6.0/gomock/controller.go:137 @ 04/20/23 18:51:55.026 (0s)&#xA;</system-err>
          </testcase>
          <testcase name="[It] Linux java process Finish server discovery when connect succeeded should succeeded" classname="SpringBoot discovery test suit" status="passed" time="0.000536792">
              <system-err>&gt; Enter [BeforeEach] Linux java process - /Users/joe/workspace/discover-java-apps/springboot/server_discovery_test.go:28 @ 04/20/23 18:51:55.026&#xA;&lt; Exit [BeforeEach] Linux java process - /Users/joe/workspace/discover-java-apps/springboot/server_discovery_test.go:28 @ 04/20/23 18:51:55.027 (0s)&#xA;&gt; Enter [It] should succeeded - /Users/joe/workspace/discover-java-apps/springboot/server_discovery_test.go:362 @ 04/20/23 18:51:55.027&#xA;&lt; Exit [It] should succeeded - /Users/joe/workspace/discover-java-apps/springboot/server_discovery_test.go:362 @ 04/20/23 18:51:55.027 (0s)&#xA;&gt; Enter [AfterEach] Linux java process - /Users/joe/workspace/discover-java-apps/springboot/server_discovery_test.go:46 @ 04/20/23 18:51:55.027&#xA;&lt; Exit [AfterEach] Linux java process - /Users/joe/workspace/discover-java-apps/springboot/server_discovery_test.go:46 @ 04/20/23 18:51:55.027 (0s)&#xA;&gt; Enter [DeferCleanup (Each)] Linux java process - /Users/joe/go/pkg/mod/github.com/golang/mock@v1.6.0/gomock/controller.go:137 @ 04/20/23 18:51:55.027&#xA;&lt; Exit [DeferCleanup (Each)] Linux java process - /Users/joe/go/pkg/mod/github.com/golang/mock@v1.6.0/gomock/controller.go:137 @ 04/20/23 18:51:55.027 (0s)&#xA;</system-err>
          </testcase>
          <testcase name="[It] test version matcher when normal version matched should as expected" classname="SpringBoot discovery test suit" status="passed" time="5.2875e-05">
              <system-err>&gt; Enter [It] should as expected - /Users/joe/workspace/discover-java-apps/springboot/version_test.go:11 @ 04/20/23 18:51:55.027&#xA;&lt; Exit [It] should as expected - /Users/joe/workspace/discover-java-apps/springboot/version_test.go:11 @ 04/20/23 18:51:55.027 (0s)&#xA;</system-err>
          </testcase>
          <testcase name="[It] test version matcher when version with prerelease matched should as expected" classname="SpringBoot discovery test suit" status="passed" time="0.000288041">
              <system-err>&gt; Enter [It] should as expected - /Users/joe/workspace/discover-java-apps/springboot/version_test.go:19 @ 04/20/23 18:51:55.028&#xA;&lt; Exit [It] should as expected - /Users/joe/workspace/discover-java-apps/springboot/version_test.go:19 @ 04/20/23 18:51:55.028 (0s)&#xA;</system-err>
          </testcase>
          <testcase name="[It] test version matcher when java 8 version matched should as expected" classname="SpringBoot discovery test suit" status="passed" time="6.3167e-05">
              <system-err>&gt; Enter [It] should as expected - /Users/joe/workspace/discover-java-apps/springboot/version_test.go:27 @ 04/20/23 18:51:55.029&#xA;&lt; Exit [It] should as expected - /Users/joe/workspace/discover-java-apps/springboot/version_test.go:27 @ 04/20/23 18:51:55.029 (0s)&#xA;</system-err>
          </testcase>
          <testcase name="[It] test version matcher when invalid version matched should not matched" classname="SpringBoot discovery test suit" status="passed" time="5.1709e-05">
              <system-err>&gt; Enter [It] should not matched - /Users/joe/workspace/discover-java-apps/springboot/version_test.go:35 @ 04/20/23 18:51:55.029&#xA;&lt; Exit [It] should not matched - /Users/joe/workspace/discover-java-apps/springboot/version_test.go:35 @ 04/20/23 18:51:55.029 (0s)&#xA;</system-err>
          </testcase>
          <testcase name="[It] test version matcher when greater than should success" classname="SpringBoot discovery test suit" status="passed" time="7.6458e-05">
              <system-err>&gt; Enter [It] should success - /Users/joe/workspace/discover-java-apps/springboot/version_test.go:43 @ 04/20/23 18:51:55.029&#xA;&lt; Exit [It] should success - /Users/joe/workspace/discover-java-apps/springboot/version_test.go:43 @ 04/20/23 18:51:55.03 (0s)&#xA;</system-err>
          </testcase>
          <testcase name="[It] test version matcher when less than should success" classname="SpringBoot discovery test suit" status="passed" time="0.000122125">
              <system-err>&gt; Enter [It] should success - /Users/joe/workspace/discover-java-apps/springboot/version_test.go:54 @ 04/20/23 18:51:55.03&#xA;&lt; Exit [It] should success - /Users/joe/workspace/discover-java-apps/springboot/version_test.go:54 @ 04/20/23 18:51:55.03 (0s)&#xA;</system-err>
          </testcase>
          <testcase name="[It] test version matcher when is valid jdk version should return as expected" classname="SpringBoot discovery test suit" status="passed" time="6.8583e-05">
              <system-err>&gt; Enter [It] should return as expected - /Users/joe/workspace/discover-java-apps/springboot/version_test.go:65 @ 04/20/23 18:51:55.031&#xA;&lt; Exit [It] should return as expected - /Users/joe/workspace/discover-java-apps/springboot/version_test.go:65 @ 04/20/23 18:51:55.031 (0s)&#xA;</system-err>
          </testcase>
          <testcase name="[It] Test springboot discovery executor when server is accessible apps should be discovered as expected" classname="SpringBoot discovery test suit" status="passed" time="0.113092875">
              <system-err>&gt; Enter [BeforeEach] Test springboot discovery executor - /Users/joe/workspace/discover-java-apps/springboot/core_executor_test.go:31 @ 04/20/23 18:51:55.031&#xA;&lt; Exit [BeforeEach] Test springboot discovery executor - /Users/joe/workspace/discover-java-apps/springboot/core_executor_test.go:31 @ 04/20/23 18:51:55.031 (0s)&#xA;&gt; Enter [It] apps should be discovered as expected - /Users/joe/workspace/discover-java-apps/springboot/core_executor_test.go:52 @ 04/20/23 18:51:55.031&#xA;&lt; Exit [It] apps should be discovered as expected - /Users/joe/workspace/discover-java-apps/springboot/core_executor_test.go:52 @ 04/20/23 18:51:55.144 (113ms)&#xA;&gt; Enter [DeferCleanup (Each)] Test springboot discovery executor - /Users/joe/go/pkg/mod/github.com/golang/mock@v1.6.0/gomock/controller.go:137 @ 04/20/23 18:51:55.144&#xA;&lt; Exit [DeferCleanup (Each)] Test springboot discovery executor - /Users/joe/go/pkg/mod/github.com/golang/mock@v1.6.0/gomock/controller.go:137 @ 04/20/23 18:51:55.144 (0s)&#xA;</system-err>
          </testcase>
          <testcase name="[It] Test springboot discovery executor when server is not accessible discovery should be failed" classname="SpringBoot discovery test suit" status="passed" time="0.000453917">
              <system-err>&gt; Enter [BeforeEach] Test springboot discovery executor - /Users/joe/workspace/discover-java-apps/springboot/core_executor_test.go:31 @ 04/20/23 18:51:55.144&#xA;&lt; Exit [BeforeEach] Test springboot discovery executor - /Users/joe/workspace/discover-java-apps/springboot/core_executor_test.go:31 @ 04/20/23 18:51:55.145 (0s)&#xA;&gt; Enter [It] discovery should be failed - /Users/joe/workspace/discover-java-apps/springboot/core_executor_test.go:76 @ 04/20/23 18:51:55.145&#xA;&lt; Exit [It] discovery should be failed - /Users/joe/workspace/discover-java-apps/springboot/core_executor_test.go:76 @ 04/20/23 18:51:55.145 (0s)&#xA;&gt; Enter [DeferCleanup (Each)] Test springboot discovery executor - /Users/joe/go/pkg/mod/github.com/golang/mock@v1.6.0/gomock/controller.go:137 @ 04/20/23 18:51:55.145&#xA;&lt; Exit [DeferCleanup (Each)] Test springboot discovery executor - /Users/joe/go/pkg/mod/github.com/golang/mock@v1.6.0/gomock/controller.go:137 @ 04/20/23 18:51:55.145 (0s)&#xA;</system-err>
          </testcase>
          <testcase name="[It] Test springboot discovery executor when primary fqdn is not accessible but alternative IP address is accessible prepare should succeeded" classname="SpringBoot discovery test suit" status="passed" time="0.0665055">
              <system-err>&gt; Enter [BeforeEach] Test springboot discovery executor - /Users/joe/workspace/discover-java-apps/springboot/core_executor_test.go:31 @ 04/20/23 18:51:55.145&#xA;&lt; Exit [BeforeEach] Test springboot discovery executor - /Users/joe/workspace/discover-java-apps/springboot/core_executor_test.go:31 @ 04/20/23 18:51:55.145 (0s)&#xA;&gt; Enter [It] prepare should succeeded - /Users/joe/workspace/discover-java-apps/springboot/core_executor_test.go:94 @ 04/20/23 18:51:55.145&#xA;&lt; Exit [It] prepare should succeeded - /Users/joe/workspace/discover-java-apps/springboot/core_executor_test.go:94 @ 04/20/23 18:51:55.211 (66ms)&#xA;&gt; Enter [DeferCleanup (Each)] when primary fqdn is not accessible but alternative IP address is accessible - /Users/joe/go/pkg/mod/github.com/golang/mock@v1.6.0/gomock/controller.go:137 @ 04/20/23 18:51:55.211&#xA;&lt; Exit [DeferCleanup (Each)] when primary fqdn is not accessible but alternative IP address is accessible - /Users/joe/go/pkg/mod/github.com/golang/mock@v1.6.0/gomock/controller.go:137 @ 04/20/23 18:51:55.211 (0s)&#xA;&gt; Enter [DeferCleanup (Each)] Test springboot discovery executor - /Users/joe/go/pkg/mod/github.com/golang/mock@v1.6.0/gomock/controller.go:137 @ 04/20/23 18:51:55.211&#xA;&lt; Exit [DeferCleanup (Each)] Test springboot discovery executor - /Users/joe/go/pkg/mod/github.com/golang/mock@v1.6.0/gomock/controller.go:137 @ 04/20/23 18:51:55.211 (0s)&#xA;</system-err>
          </testcase>
          <testcase name="[It] Test springboot discovery executor when get credentials error discovery should be failed" classname="SpringBoot discovery test suit" status="passed" time="0.000367584">
              <system-err>&gt; Enter [BeforeEach] Test springboot discovery executor - /Users/joe/workspace/discover-java-apps/springboot/core_executor_test.go:31 @ 04/20/23 18:51:55.212&#xA;&lt; Exit [BeforeEach] Test springboot discovery executor - /Users/joe/workspace/discover-java-apps/springboot/core_executor_test.go:31 @ 04/20/23 18:51:55.212 (0s)&#xA;&gt; Enter [It] discovery should be failed - /Users/joe/workspace/discover-java-apps/springboot/core_executor_test.go:135 @ 04/20/23 18:51:55.212&#xA;&lt; Exit [It] discovery should be failed - /Users/joe/workspace/discover-java-apps/springboot/core_executor_test.go:135 @ 04/20/23 18:51:55.212 (0s)&#xA;&gt; Enter [DeferCleanup (Each)] Test springboot discovery executor - /Users/joe/go/pkg/mod/github.com/golang/mock@v1.6.0/gomock/controller.go:137 @ 04/20/23 18:51:55.212&#xA;&lt; Exit [DeferCleanup (Each)] Test springboot discovery executor - /Users/joe/go/pkg/mod/github.com/golang/mock@v1.6.0/gomock/controller.go:137 @ 04/20/23 18:51:55.212 (0s)&#xA;</system-err>
          </testcase>
          <testcase name="[It] test config loader when load from default config should return values from default config" classname="SpringBoot discovery test suit" status="passed" time="0.003695">
              <system-err>&gt; Enter [BeforeEach] when load from default config - /Users/joe/workspace/discover-java-apps/springboot/config_test.go:18 @ 04/20/23 18:51:55.212&#xA;&lt; Exit [BeforeEach] when load from default config - /Users/joe/workspace/discover-java-apps/springboot/config_test.go:18 @ 04/20/23 18:51:55.216 (4ms)&#xA;&gt; Enter [It] should return values from default config - /Users/joe/workspace/discover-java-apps/springboot/config_test.go:23 @ 04/20/23 18:51:55.216&#xA;&lt; Exit [It] should return values from default config - /Users/joe/workspace/discover-java-apps/springboot/config_test.go:23 @ 04/20/23 18:51:55.216 (0s)&#xA;</system-err>
          </testcase>
          <testcase name="[It] test config loader when load from env should return values from env config" classname="SpringBoot discovery test suit" status="passed" time="0.000455625">
              <system-err>&gt; Enter [BeforeEach] when load from env - /Users/joe/workspace/discover-java-apps/springboot/config_test.go:44 @ 04/20/23 18:51:55.216&#xA;&lt; Exit [BeforeEach] when load from env - /Users/joe/workspace/discover-java-apps/springboot/config_test.go:44 @ 04/20/23 18:51:55.217 (0s)&#xA;&gt; Enter [It] should return values from env config - /Users/joe/workspace/discover-java-apps/springboot/config_test.go:49 @ 04/20/23 18:51:55.217&#xA;&lt; Exit [It] should return values from env config - /Users/joe/workspace/discover-java-apps/springboot/config_test.go:49 @ 04/20/23 18:51:55.217 (0s)&#xA;</system-err>
          </testcase>
          <testcase name="[It] JarFile test Get config from manifests when manifest is not empty should return spring boot version" classname="SpringBoot discovery test suit" status="passed" time="0.000325542">
              <system-err>&gt; Enter [BeforeEach] JarFile test - /Users/joe/workspace/discover-java-apps/springboot/jarfile_test.go:19 @ 04/20/23 18:51:55.217&#xA;&lt; Exit [BeforeEach] JarFile test - /Users/joe/workspace/discover-java-apps/springboot/jarfile_test.go:19 @ 04/20/23 18:51:55.217 (0s)&#xA;&gt; Enter [BeforeEach] when manifest is not empty - /Users/joe/workspace/discover-java-apps/springboot/jarfile_test.go:34 @ 04/20/23 18:51:55.217&#xA;&lt; Exit [BeforeEach] when manifest is not empty - /Users/joe/workspace/discover-java-apps/springboot/jarfile_test.go:34 @ 04/20/23 18:51:55.217 (0s)&#xA;&gt; Enter [It] should return spring boot version - /Users/joe/workspace/discover-java-apps/springboot/jarfile_test.go:42 @ 04/20/23 18:51:55.217&#xA;&lt; Exit [It] should return spring boot version - /Users/joe/workspace/discover-java-apps/springboot/jarfile_test.go:42 @ 04/20/23 18:51:55.217 (0s)&#xA;&gt; Enter [AfterEach] JarFile test - /Users/joe/workspace/discover-java-apps/springboot/jarfile_test.go:28 @ 04/20/23 18:51:55.217&#xA;&lt; Exit [AfterEach] JarFile test - /Users/joe/workspace/discover-java-apps/springboot/jarfile_test.go:28 @ 04/20/23 18:51:55.217 (0s)&#xA;&gt; Enter [DeferCleanup (Each)] JarFile test - /Users/joe/go/pkg/mod/github.com/golang/mock@v1.6.0/gomock/controller.go:137 @ 04/20/23 18:51:55.217&#xA;&lt; Exit [DeferCleanup (Each)] JarFile test - /Users/joe/go/pkg/mod/github.com/golang/mock@v1.6.0/gomock/controller.go:137 @ 04/20/23 18:51:55.217 (0s)&#xA;</system-err>
          </testcase>
          <testcase name="[It] JarFile test Get config from manifests when manifest is not empty should return app name" classname="SpringBoot discovery test suit" status="passed" time="0.000332">
              <system-err>&gt; Enter [BeforeEach] JarFile test - /Users/joe/workspace/discover-java-apps/springboot/jarfile_test.go:19 @ 04/20/23 18:51:55.217&#xA;&lt; Exit [BeforeEach] JarFile test - /Users/joe/workspace/discover-java-apps/springboot/jarfile_test.go:19 @ 04/20/23 18:51:55.218 (0s)&#xA;&gt; Enter [BeforeEach] when manifest is not empty - /Users/joe/workspace/discover-java-apps/springboot/jarfile_test.go:34 @ 04/20/23 18:51:55.218&#xA;&lt; Exit [BeforeEach] when manifest is not empty - /Users/joe/workspace/discover-java-apps/springboot/jarfile_test.go:34 @ 04/20/23 18:51:55.218 (0s)&#xA;&gt; Enter [It] should return app name - /Users/joe/workspace/discover-java-apps/springboot/jarfile_test.go:46 @ 04/20/23 18:51:55.218&#xA;&lt; Exit [It] should return app name - /Users/joe/workspace/discover-java-apps/springboot/jarfile_test.go:46 @ 04/20/23 18:51:55.218 (0s)&#xA;&gt; Enter [AfterEach] JarFile test - /Users/joe/workspace/discover-java-apps/springboot/jarfile_test.go:28 @ 04/20/23 18:51:55.218&#xA;&lt; Exit [AfterEach] JarFile test - /Users/joe/workspace/discover-java-apps/springboot/jarfile_test.go:28 @ 04/20/23 18:51:55.218 (0s)&#xA;&gt; Enter [DeferCleanup (Each)] JarFile test - /Users/joe/go/pkg/mod/github.com/golang/mock@v1.6.0/gomock/controller.go:137 @ 04/20/23 18:51:55.218&#xA;&lt; Exit [DeferCleanup (Each)] JarFile test - /Users/joe/go/pkg/mod/github.com/golang/mock@v1.6.0/gomock/controller.go:137 @ 04/20/23 18:51:55.218 (0s)&#xA;</system-err>
          </testcase>
          <testcase name="[It] JarFile test Get config from manifests when manifest is not empty should return artifact name" classname="SpringBoot discovery test suit" status="passed" time="0.000313542">
              <system-err>&gt; Enter [BeforeEach] JarFile test - /Users/joe/workspace/discover-java-apps/springboot/jarfile_test.go:19 @ 04/20/23 18:51:55.218&#xA;&lt; Exit [BeforeEach] JarFile test - /Users/joe/workspace/discover-java-apps/springboot/jarfile_test.go:19 @ 04/20/23 18:51:55.218 (0s)&#xA;&gt; Enter [BeforeEach] when manifest is not empty - /Users/joe/workspace/discover-java-apps/springboot/jarfile_test.go:34 @ 04/20/23 18:51:55.218&#xA;&lt; Exit [BeforeEach] when manifest is not empty - /Users/joe/workspace/discover-java-apps/springboot/jarfile_test.go:34 @ 04/20/23 18:51:55.218 (0s)&#xA;&gt; Enter [It] should return artifact name - /Users/joe/workspace/discover-java-apps/springboot/jarfile_test.go:50 @ 04/20/23 18:51:55.218&#xA;&lt; Exit [It] should return artifact name - /Users/joe/workspace/discover-java-apps/springboot/jarfile_test.go:50 @ 04/20/23 18:51:55.218 (0s)&#xA;&gt; Enter [AfterEach] JarFile test - /Users/joe/workspace/discover-java-apps/springboot/jarfile_test.go:28 @ 04/20/23 18:51:55.218&#xA;&lt; Exit [AfterEach] JarFile test - /Users/joe/workspace/discover-java-apps/springboot/jarfile_test.go:28 @ 04/20/23 18:51:55.218 (0s)&#xA;&gt; Enter [DeferCleanup (Each)] JarFile test - /Users/joe/go/pkg/mod/github.com/golang/mock@v1.6.0/gomock/controller.go:137 @ 04/20/23 18:51:55.218&#xA;&lt; Exit [DeferCleanup (Each)] JarFile test - /Users/joe/go/pkg/mod/github.com/golang/mock@v1.6.0/gomock/controller.go:137 @ 04/20/23 18:51:55.218 (0s)&#xA;</system-err>
          </testcase>
          <testcase name="[It] JarFile test Get config from manifests when manifest is not empty should return app port" classname="SpringBoot discovery test suit" status="passed" time="0.000346875">
              <system-err>&gt; Enter [BeforeEach] JarFile test - /Users/joe/workspace/discover-java-apps/springboot/jarfile_test.go:19 @ 04/20/23 18:51:55.219&#xA;&lt; Exit [BeforeEach] JarFile test - /Users/joe/workspace/discover-java-apps/springboot/jarfile_test.go:19 @ 04/20/23 18:51:55.219 (0s)&#xA;&gt; Enter [BeforeEach] when manifest is not empty - /Users/joe/workspace/discover-java-apps/springboot/jarfile_test.go:34 @ 04/20/23 18:51:55.219&#xA;&lt; Exit [BeforeEach] when manifest is not empty - /Users/joe/workspace/discover-java-apps/springboot/jarfile_test.go:34 @ 04/20/23 18:51:55.219 (0s)&#xA;&gt; Enter [It] should return app port - /Users/joe/workspace/discover-java-apps/springboot/jarfile_test.go:54 @ 04/20/23 18:51:55.219&#xA;&lt; Exit [It] should return app port - /Users/joe/workspace/discover-java-apps/springboot/jarfile_test.go:54 @ 04/20/23 18:51:55.219 (0s)&#xA;&gt; Enter [AfterEach] JarFile test - /Users/joe/workspace/discover-java-apps/springboot/jarfile_test.go:28 @ 04/20/23 18:51:55.219&#xA;&lt; Exit [AfterEach] JarFile test - /Users/joe/workspace/discover-java-apps/springboot/jarfile_test.go:28 @ 04/20/23 18:51:55.219 (0s)&#xA;&gt; Enter [DeferCleanup (Each)] JarFile test - /Users/joe/go/pkg/mod/github.com/golang/mock@v1.6.0/gomock/controller.go:137 @ 04/20/23 18:51:55.219&#xA;&lt; Exit [DeferCleanup (Each)] JarFile test - /Users/joe/go/pkg/mod/github.com/golang/mock@v1.6.0/gomock/controller.go:137 @ 04/20/23 18:51:55.219 (0s)&#xA;</system-err>
          </testcase>
          <testcase name="[It] JarFile test Get config from manifests when manifest is not empty should return build jdk version" classname="SpringBoot discovery test suit" status="passed" time="0.0003245">
              <system-err>&gt; Enter [BeforeEach] JarFile test - /Users/joe/workspace/discover-java-apps/springboot/jarfile_test.go:19 @ 04/20/23 18:51:55.219&#xA;&lt; Exit [BeforeEach] JarFile test - /Users/joe/workspace/discover-java-apps/springboot/jarfile_test.go:19 @ 04/20/23 18:51:55.22 (0s)&#xA;&gt; Enter [BeforeEach] when manifest is not empty - /Users/joe/workspace/discover-java-apps/springboot/jarfile_test.go:34 @ 04/20/23 18:51:55.22&#xA;&lt; Exit [BeforeEach] when manifest is not empty - /Users/joe/workspace/discover-java-apps/springboot/jarfile_test.go:34 @ 04/20/23 18:51:55.22 (0s)&#xA;&gt; Enter [It] should return build jdk version - /Users/joe/workspace/discover-java-apps/springboot/jarfile_test.go:58 @ 04/20/23 18:51:55.22&#xA;&lt; Exit [It] should return build jdk version - /Users/joe/workspace/discover-java-apps/springboot/jarfile_test.go:58 @ 04/20/23 18:51:55.22 (0s)&#xA;&gt; Enter [AfterEach] JarFile test - /Users/joe/workspace/discover-java-apps/springboot/jarfile_test.go:28 @ 04/20/23 18:51:55.22&#xA;&lt; Exit [AfterEach] JarFile test - /Users/joe/workspace/discover-java-apps/springboot/jarfile_test.go:28 @ 04/20/23 18:51:55.22 (0s)&#xA;&gt; Enter [DeferCleanup (Each)] JarFile test - /Users/joe/go/pkg/mod/github.com/golang/mock@v1.6.0/gomock/controller.go:137 @ 04/20/23 18:51:55.22&#xA;&lt; Exit [DeferCleanup (Each)] JarFile test - /Users/joe/go/pkg/mod/github.com/golang/mock@v1.6.0/gomock/controller.go:137 @ 04/20/23 18:51:55.22 (0s)&#xA;</system-err>
          </testcase>
          <testcase name="[It] JarFile test Get config from manifests when manifest is empty should return empty spring boot version" classname="SpringBoot discovery test suit" status="passed" time="0.000332709">
              <system-err>&gt; Enter [BeforeEach] JarFile test - /Users/joe/workspace/discover-java-apps/springboot/jarfile_test.go:19 @ 04/20/23 18:51:55.22&#xA;&lt; Exit [BeforeEach] JarFile test - /Users/joe/workspace/discover-java-apps/springboot/jarfile_test.go:19 @ 04/20/23 18:51:55.22 (0s)&#xA;&gt; Enter [BeforeEach] when manifest is empty - /Users/joe/workspace/discover-java-apps/springboot/jarfile_test.go:64 @ 04/20/23 18:51:55.22&#xA;&lt; Exit [BeforeEach] when manifest is empty - /Users/joe/workspace/discover-java-apps/springboot/jarfile_test.go:64 @ 04/20/23 18:51:55.22 (0s)&#xA;&gt; Enter [It] should return empty spring boot version - /Users/joe/workspace/discover-java-apps/springboot/jarfile_test.go:74 @ 04/20/23 18:51:55.22&#xA;&lt; Exit [It] should return empty spring boot version - /Users/joe/workspace/discover-java-apps/springboot/jarfile_test.go:74 @ 04/20/23 18:51:55.22 (0s)&#xA;&gt; Enter [AfterEach] JarFile test - /Users/joe/workspace/discover-java-apps/springboot/jarfile_test.go:28 @ 04/20/23 18:51:55.22&#xA;&lt; Exit [AfterEach] JarFile test - /Users/joe/workspace/discover-java-apps/springboot/jarfile_test.go:28 @ 04/20/23 18:51:55.22 (0s)&#xA;&gt; Enter [DeferCleanup (Each)] JarFile test - /Users/joe/go/pkg/mod/github.com/golang/mock@v1.6.0/gomock/controller.go:137 @ 04/20/23 18:51:55.22&#xA;&lt; Exit [DeferCleanup (Each)] JarFile test - /Users/joe/go/pkg/mod/github.com/golang/mock@v1.6.0/gomock/controller.go:137 @ 04/20/23 18:51:55.22 (0s)&#xA;</system-err>
          </testcase>
          <testcase name="[It] JarFile test Get config from manifests when manifest is empty should return jar file name as fallback" classname="SpringBoot discovery test suit" status="passed" time="0.000334959">
              <system-err>&gt; Enter [BeforeEach] JarFile test - /Users/joe/workspace/discover-java-apps/springboot/jarfile_test.go:19 @ 04/20/23 18:51:55.221&#xA;&lt; Exit [BeforeEach] JarFile test - /Users/joe/workspace/discover-java-apps/springboot/jarfile_test.go:19 @ 04/20/23 18:51:55.221 (0s)&#xA;&gt; Enter [BeforeEach] when manifest is empty - /Users/joe/workspace/discover-java-apps/springboot/jarfile_test.go:64 @ 04/20/23 18:51:55.221&#xA;&lt; Exit [BeforeEach] when manifest is empty - /Users/joe/workspace/discover-java-apps/springboot/jarfile_test.go:64 @ 04/20/23 18:51:55.221 (0s)&#xA;&gt; Enter [It] should return jar file name as fallback - /Users/joe/workspace/discover-java-apps/springboot/jarfile_test.go:78 @ 04/20/23 18:51:55.221&#xA;&lt; Exit [It] should return jar file name as fallback - /Users/joe/workspace/discover-java-apps/springboot/jarfile_test.go:78 @ 04/20/23 18:51:55.221 (0s)&#xA;&gt; Enter [AfterEach] JarFile test - /Users/joe/workspace/discover-java-apps/springboot/jarfile_test.go:28 @ 04/20/23 18:51:55.221&#xA;&lt; Exit [AfterEach] JarFile test - /Users/joe/workspace/discover-java-apps/springboot/jarfile_test.go:28 @ 04/20/23 18:51:55.221 (0s)&#xA;&gt; Enter [DeferCleanup (Each)] JarFile test - /Users/joe/go/pkg/mod/github.com/golang/mock@v1.6.0/gomock/controller.go:137 @ 04/20/23 18:51:55.221&#xA;&lt; Exit [DeferCleanup (Each)] JarFile test - /Users/joe/go/pkg/mod/github.com/golang/mock@v1.6.0/gomock/controller.go:137 @ 04/20/23 18:51:55.221 (0s)&#xA;</system-err>
          </testcase>
          <testcase name="[It] JarFile test Get config from manifests when manifest is empty should return artifact name" classname="SpringBoot discovery test suit" status="passed" time="0.000335625">
              <system-err>&gt; Enter [BeforeEach] JarFile test - /Users/joe/workspace/discover-java-apps/springboot/jarfile_test.go:19 @ 04/20/23 18:51:55.221&#xA;&lt; Exit [BeforeEach] JarFile test - /Users/joe/workspace/discover-java-apps/springboot/jarfile_test.go:19 @ 04/20/23 18:51:55.221 (0s)&#xA;&gt; Enter [BeforeEach] when manifest is empty - /Users/joe/workspace/discover-java-apps/springboot/jarfile_test.go:64 @ 04/20/23 18:51:55.221&#xA;&lt; Exit [BeforeEach] when manifest is empty - /Users/joe/workspace/discover-java-apps/springboot/jarfile_test.go:64 @ 04/20/23 18:51:55.221 (0s)&#xA;&gt; Enter [It] should return artifact name - /Users/joe/workspace/discover-java-apps/springboot/jarfile_test.go:82 @ 04/20/23 18:51:55.221&#xA;&lt; Exit [It] should return artifact name - /Users/joe/workspace/discover-java-apps/springboot/jarfile_test.go:82 @ 04/20/23 18:51:55.221 (0s)&#xA;&gt; Enter [AfterEach] JarFile test - /Users/joe/workspace/discover-java-apps/springboot/jarfile_test.go:28 @ 04/20/23 18:51:55.221&#xA;&lt; Exit [AfterEach] JarFile test - /Users/joe/workspace/discover-java-apps/springboot/jarfile_test.go:28 @ 04/20/23 18:51:55.221 (0s)&#xA;&gt; Enter [DeferCleanup (Each)] JarFile test - /Users/joe/go/pkg/mod/github.com/golang/mock@v1.6.0/gomock/controller.go:137 @ 04/20/23 18:51:55.221&#xA;&lt; Exit [DeferCleanup (Each)] JarFile test - /Users/joe/go/pkg/mod/github.com/golang/mock@v1.6.0/gomock/controller.go:137 @ 04/20/23 18:51:55.222 (0s)&#xA;</system-err>
          </testcase>
          <testcase name="[It] JarFile test Get config from manifests when manifest is empty should return app port" classname="SpringBoot discovery test suit" status="passed" time="0.000294375">
              <system-err>&gt; Enter [BeforeEach] JarFile test - /Users/joe/workspace/discover-java-apps/springboot/jarfile_test.go:19 @ 04/20/23 18:51:55.222&#xA;&lt; Exit [BeforeEach] JarFile test - /Users/joe/workspace/discover-java-apps/springboot/jarfile_test.go:19 @ 04/20/23 18:51:55.222 (0s)&#xA;&gt; Enter [BeforeEach] when manifest is empty - /Users/joe/workspace/discover-java-apps/springboot/jarfile_test.go:64 @ 04/20/23 18:51:55.222&#xA;&lt; Exit [BeforeEach] when manifest is empty - /Users/joe/workspace/discover-java-apps/springboot/jarfile_test.go:64 @ 04/20/23 18:51:55.222 (0s)&#xA;&gt; Enter [It] should return app port - /Users/joe/workspace/discover-java-apps/springboot/jarfile_test.go:86 @ 04/20/23 18:51:55.222&#xA;&lt; Exit [It] should return app port - /Users/joe/workspace/discover-java-apps/springboot/jarfile_test.go:86 @ 04/20/23 18:51:55.222 (0s)&#xA;&gt; Enter [AfterEach] JarFile test - /Users/joe/workspace/discover-java-apps/springboot/jarfile_test.go:28 @ 04/20/23 18:51:55.222&#xA;&lt; Exit [AfterEach] JarFile test - /Users/joe/workspace/discover-java-apps/springboot/jarfile_test.go:28 @ 04/20/23 18:51:55.222 (0s)&#xA;&gt; Enter [DeferCleanup (Each)] JarFile test - /Users/joe/go/pkg/mod/github.com/golang/mock@v1.6.0/gomock/controller.go:137 @ 04/20/23 18:51:55.222&#xA;&lt; Exit [DeferCleanup (Each)] JarFile test - /Users/joe/go/pkg/mod/github.com/golang/mock@v1.6.0/gomock/controller.go:137 @ 04/20/23 18:51:55.222 (0s)&#xA;</system-err>
          </testcase>
          <testcase name="[It] JarFile test Get config from manifests when manifest is empty should return empty build jdk version" classname="SpringBoot discovery test suit" status="passed" time="0.000319375">
              <system-err>&gt; Enter [BeforeEach] JarFile test - /Users/joe/workspace/discover-java-apps/springboot/jarfile_test.go:19 @ 04/20/23 18:51:55.222&#xA;&lt; Exit [BeforeEach] JarFile test - /Users/joe/workspace/discover-java-apps/springboot/jarfile_test.go:19 @ 04/20/23 18:51:55.223 (0s)&#xA;&gt; Enter [BeforeEach] when manifest is empty - /Users/joe/workspace/discover-java-apps/springboot/jarfile_test.go:64 @ 04/20/23 18:51:55.223&#xA;&lt; Exit [BeforeEach] when manifest is empty - /Users/joe/workspace/discover-java-apps/springboot/jarfile_test.go:64 @ 04/20/23 18:51:55.223 (0s)&#xA;&gt; Enter [It] should return empty build jdk version - /Users/joe/workspace/discover-java-apps/springboot/jarfile_test.go:90 @ 04/20/23 18:51:55.223&#xA;&lt; Exit [It] should return empty build jdk version - /Users/joe/workspace/discover-java-apps/springboot/jarfile_test.go:90 @ 04/20/23 18:51:55.223 (0s)&#xA;&gt; Enter [AfterEach] JarFile test - /Users/joe/workspace/discover-java-apps/springboot/jarfile_test.go:28 @ 04/20/23 18:51:55.223&#xA;&lt; Exit [AfterEach] JarFile test - /Users/joe/workspace/discover-java-apps/springboot/jarfile_test.go:28 @ 04/20/23 18:51:55.223 (0s)&#xA;&gt; Enter [DeferCleanup (Each)] JarFile test - /Users/joe/go/pkg/mod/github.com/golang/mock@v1.6.0/gomock/controller.go:137 @ 04/20/23 18:51:55.223&#xA;&lt; Exit [DeferCleanup (Each)] JarFile test - /Users/joe/go/pkg/mod/github.com/golang/mock@v1.6.0/gomock/controller.go:137 @ 04/20/23 18:51:55.223 (0s)&#xA;</system-err>
          </testcase>
          <testcase name="[It] JarFile test Get config from pom when manifest is not empty should return spring boot version" classname="SpringBoot discovery test suit" status="passed" time="0.001269833">
              <system-err>&gt; Enter [BeforeEach] JarFile test - /Users/joe/workspace/discover-java-apps/springboot/jarfile_test.go:19 @ 04/20/23 18:51:55.223&#xA;&lt; Exit [BeforeEach] JarFile test - /Users/joe/workspace/discover-java-apps/springboot/jarfile_test.go:19 @ 04/20/23 18:51:55.223 (0s)&#xA;&gt; Enter [BeforeEach] when manifest is not empty - /Users/joe/workspace/discover-java-apps/springboot/jarfile_test.go:98 @ 04/20/23 18:51:55.223&#xA;&lt; Exit [BeforeEach] when manifest is not empty - /Users/joe/workspace/discover-java-apps/springboot/jarfile_test.go:98 @ 04/20/23 18:51:55.224 (1ms)&#xA;&gt; Enter [It] should return spring boot version - /Users/joe/workspace/discover-java-apps/springboot/jarfile_test.go:111 @ 04/20/23 18:51:55.224&#xA;&lt; Exit [It] should return spring boot version - /Users/joe/workspace/discover-java-apps/springboot/jarfile_test.go:111 @ 04/20/23 18:51:55.224 (0s)&#xA;&gt; Enter [AfterEach] JarFile test - /Users/joe/workspace/discover-java-apps/springboot/jarfile_test.go:28 @ 04/20/23 18:51:55.224&#xA;&lt; Exit [AfterEach] JarFile test - /Users/joe/workspace/discover-java-apps/springboot/jarfile_test.go:28 @ 04/20/23 18:51:55.224 (0s)&#xA;&gt; Enter [DeferCleanup (Each)] JarFile test - /Users/joe/go/pkg/mod/github.com/golang/mock@v1.6.0/gomock/controller.go:137 @ 04/20/23 18:51:55.224&#xA;&lt; Exit [DeferCleanup (Each)] JarFile test - /Users/joe/go/pkg/mod/github.com/golang/mock@v1.6.0/gomock/controller.go:137 @ 04/20/23 18:51:55.224 (0s)&#xA;</system-err>
          </testcase>
          <testcase name="[It] JarFile test Get config from pom when manifest is not empty should return app name from application.properties" classname="SpringBoot discovery test suit" status="passed" time="0.001309917">
[...]
          </testcase>
          <testcase name="[It] Linux java process Get environments when got error after run cmd should return error" classname="SpringBoot discovery test suit" status="passed" time="0.000416209">
              <system-err>&gt; Enter [BeforeEach] Linux java process - /Users/joe/workspace/discover-java-apps/springboot/process_test.go:22 @ 04/20/23 18:51:55.241&#xA;&lt; Exit [BeforeEach] Linux java process - /Users/joe/workspace/discover-java-apps/springboot/process_test.go:22 @ 04/20/23 18:51:55.241 (0s)&#xA;&gt; Enter [It] should return error - /Users/joe/workspace/discover-java-apps/springboot/process_test.go:137 @ 04/20/23 18:51:55.241&#xA;&lt; Exit [It] should return error - /Users/joe/workspace/discover-java-apps/springboot/process_test.go:137 @ 04/20/23 18:51:55.241 (0s)&#xA;&gt; Enter [AfterEach] Linux java process - /Users/joe/workspace/discover-java-apps/springboot/process_test.go:36 @ 04/20/23 18:51:55.241&#xA;&lt; Exit [AfterEach] Linux java process - /Users/joe/workspace/discover-java-apps/springboot/process_test.go:36 @ 04/20/23 18:51:55.241 (0s)&#xA;&gt; Enter [DeferCleanup (Each)] Linux java process - /Users/joe/go/pkg/mod/github.com/golang/mock@v1.6.0/gomock/controller.go:137 @ 04/20/23 18:51:55.241&#xA;&lt; Exit [DeferCleanup (Each)] Linux java process - /Users/joe/go/pkg/mod/github.com/golang/mock@v1.6.0/gomock/controller.go:137 @ 04/20/23 18:51:55.241 (0s)&#xA;</system-err>
          </testcase>
          <testcase name="[It] Linux java process Get jvm heap memory size when Set -XX:MaxRAMPercentage only in jvm options should return the jvm heap memory size based on the percentage of total memory" classname="SpringBoot discovery test suit" status="passed" time="0.000398417">
              <system-err>&gt; Enter [BeforeEach] Linux java process - /Users/joe/workspace/discover-java-apps/springboot/process_test.go:22 @ 04/20/23 18:51:55.242&#xA;&lt; Exit [BeforeEach] Linux java process - /Users/joe/workspace/discover-java-apps/springboot/process_test.go:22 @ 04/20/23 18:51:55.242 (0s)&#xA;&gt; Enter [BeforeEach] when Set -XX:MaxRAMPercentage only in jvm options - /Users/joe/workspace/discover-java-apps/springboot/process_test.go:147 @ 04/20/23 18:51:55.242&#xA;&lt; Exit [BeforeEach] when Set -XX:MaxRAMPercentage only in jvm options - /Users/joe/workspace/discover-java-apps/springboot/process_test.go:147 @ 04/20/23 18:51:55.242 (0s)&#xA;&gt; Enter [It] should return the jvm heap memory size based on the percentage of total memory - /Users/joe/workspace/discover-java-apps/springboot/process_test.go:155 @ 04/20/23 18:51:55.242&#xA;&lt; Exit [It] should return the jvm heap memory size based on the percentage of total memory - /Users/joe/workspace/discover-java-apps/springboot/process_test.go:155 @ 04/20/23 18:51:55.242 (0s)&#xA;&gt; Enter [AfterEach] Linux java process - /Users/joe/workspace/discover-java-apps/springboot/process_test.go:36 @ 04/20/23 18:51:55.242&#xA;&lt; Exit [AfterEach] Linux java process - /Users/joe/workspace/discover-java-apps/springboot/process_test.go:36 @ 04/20/23 18:51:55.242 (0s)&#xA;&gt; Enter [DeferCleanup (Each)] Linux java process - /Users/joe/go/pkg/mod/github.com/golang/mock@v1.6.0/gomock/controller.go:137 @ 04/20/23 18:51:55.242&#xA;&lt; Exit [DeferCleanup (Each)] Linux java process - /Users/joe/go/pkg/mod/github.com/golang/mock@v1.6.0/gomock/controller.go:137 @ 04/20/23 18:51:55.242 (0s)&#xA;</system-err>
          </testcase>
          <testcase name="[It] Linux java process Get jvm heap memory size when Set -Xmx and -XX:MaxRAMPercentage in jvm options should return the jvm heap memory size in -Xmx which has higher priority" classname="SpringBoot discovery test suit" status="passed" time="0.00032025">
              <system-err>&gt; Enter [BeforeEach] Linux java process - /Users/joe/workspace/discover-java-apps/springboot/process_test.go:22 @ 04/20/23 18:51:55.242&#xA;&lt; Exit [BeforeEach] Linux java process - /Users/joe/workspace/discover-java-apps/springboot/process_test.go:22 @ 04/20/23 18:51:55.242 (0s)&#xA;&gt; Enter [BeforeEach] when Set -Xmx and -XX:MaxRAMPercentage in jvm options - /Users/joe/workspace/discover-java-apps/springboot/process_test.go:164 @ 04/20/23 18:51:55.242&#xA;&lt; Exit [BeforeEach] when Set -Xmx and -XX:MaxRAMPercentage in jvm options - /Users/joe/workspace/discover-java-apps/springboot/process_test.go:164 @ 04/20/23 18:51:55.242 (0s)&#xA;&gt; Enter [It] should return the jvm heap memory size in -Xmx which has higher priority - /Users/joe/workspace/discover-java-apps/springboot/process_test.go:173 @ 04/20/23 18:51:55.242&#xA;&lt; Exit [It] should return the jvm heap memory size in -Xmx which has higher priority - /Users/joe/workspace/discover-java-apps/springboot/process_test.go:173 @ 04/20/23 18:51:55.242 (0s)&#xA;&gt; Enter [AfterEach] Linux java process - /Users/joe/workspace/discover-java-apps/springboot/process_test.go:36 @ 04/20/23 18:51:55.242&#xA;&lt; Exit [AfterEach] Linux java process - /Users/joe/workspace/discover-java-apps/springboot/process_test.go:36 @ 04/20/23 18:51:55.242 (0s)&#xA;&gt; Enter [DeferCleanup (Each)] Linux java process - /Users/joe/go/pkg/mod/github.com/golang/mock@v1.6.0/gomock/controller.go:137 @ 04/20/23 18:51:55.242&#xA;&lt; Exit [DeferCleanup (Each)] Linux java process - /Users/joe/go/pkg/mod/github.com/golang/mock@v1.6.0/gomock/controller.go:137 @ 04/20/23 18:51:55.243 (0s)&#xA;</system-err>
          </testcase>
          <testcase name="[It] Linux java process Get jvm heap memory size when Set -Xmx in invalid format should return error" classname="SpringBoot discovery test suit" status="passed" time="0.000302417">
              <system-err>&gt; Enter [BeforeEach] Linux java process - /Users/joe/workspace/discover-java-apps/springboot/process_test.go:22 @ 04/20/23 18:51:55.243&#xA;&lt; Exit [BeforeEach] Linux java process - /Users/joe/workspace/discover-java-apps/springboot/process_test.go:22 @ 04/20/23 18:51:55.243 (0s)&#xA;&gt; Enter [BeforeEach] when Set -Xmx in invalid format - /Users/joe/workspace/discover-java-apps/springboot/process_test.go:181 @ 04/20/23 18:51:55.243&#xA;&lt; Exit [BeforeEach] when Set -Xmx in invalid format - /Users/joe/workspace/discover-java-apps/springboot/process_test.go:181 @ 04/20/23 18:51:55.243 (0s)&#xA;&gt; Enter [It] should return error - /Users/joe/workspace/discover-java-apps/springboot/process_test.go:189 @ 04/20/23 18:51:55.243&#xA;&lt; Exit [It] should return error - /Users/joe/workspace/discover-java-apps/springboot/process_test.go:189 @ 04/20/23 18:51:55.243 (0s)&#xA;&gt; Enter [AfterEach] Linux java process - /Users/joe/workspace/discover-java-apps/springboot/process_test.go:36 @ 04/20/23 18:51:55.243&#xA;&lt; Exit [AfterEach] Linux java process - /Users/joe/workspace/discover-java-apps/springboot/process_test.go:36 @ 04/20/23 18:51:55.243 (0s)&#xA;&gt; Enter [DeferCleanup (Each)] Linux java process - /Users/joe/go/pkg/mod/github.com/golang/mock@v1.6.0/gomock/controller.go:137 @ 04/20/23 18:51:55.243&#xA;&lt; Exit [DeferCleanup (Each)] Linux java process - /Users/joe/go/pkg/mod/github.com/golang/mock@v1.6.0/gomock/controller.go:137 @ 04/20/23 18:51:55.243 (0s)&#xA;</system-err>
          </testcase>
          <testcase name="[It] Linux java process Get jvm heap memory size when nothing set in jvm options should get default max jvm heap memory from vm" classname="SpringBoot discovery test suit" status="passed" time="0.000339583">
              <system-err>&gt; Enter [BeforeEach] Linux java process - /Users/joe/workspace/discover-java-apps/springboot/process_test.go:22 @ 04/20/23 18:51:55.243&#xA;&lt; Exit [BeforeEach] Linux java process - /Users/joe/workspace/discover-java-apps/springboot/process_test.go:22 @ 04/20/23 18:51:55.244 (0s)&#xA;&gt; Enter [BeforeEach] when nothing set in jvm options - /Users/joe/workspace/discover-java-apps/springboot/process_test.go:196 @ 04/20/23 18:51:55.244&#xA;&lt; Exit [BeforeEach] when nothing set in jvm options - /Users/joe/workspace/discover-java-apps/springboot/process_test.go:196 @ 04/20/23 18:51:55.244 (0s)&#xA;&gt; Enter [It] should get default max jvm heap memory from vm - /Users/joe/workspace/discover-java-apps/springboot/process_test.go:201 @ 04/20/23 18:51:55.244&#xA;&lt; Exit [It] should get default max jvm heap memory from vm - /Users/joe/workspace/discover-java-apps/springboot/process_test.go:201 @ 04/20/23 18:51:55.244 (0s)&#xA;&gt; Enter [AfterEach] Linux java process - /Users/joe/workspace/discover-java-apps/springboot/process_test.go:36 @ 04/20/23 18:51:55.244&#xA;&lt; Exit [AfterEach] Linux java process - /Users/joe/workspace/discover-java-apps/springboot/process_test.go:36 @ 04/20/23 18:51:55.244 (0s)&#xA;&gt; Enter [DeferCleanup (Each)] Linux java process - /Users/joe/go/pkg/mod/github.com/golang/mock@v1.6.0/gomock/controller.go:137 @ 04/20/23 18:51:55.244&#xA;&lt; Exit [DeferCleanup (Each)] Linux java process - /Users/joe/go/pkg/mod/github.com/golang/mock@v1.6.0/gomock/controller.go:137 @ 04/20/23 18:51:55.244 (0s)&#xA;</system-err>
          </testcase>
          <testcase name="[It] Linux java process Get ports when got success output after run cmd should return ports in list" classname="SpringBoot discovery test suit" status="passed" time="0.0004115">
              <system-err>&gt; Enter [BeforeEach] Linux java process - /Users/joe/workspace/discover-java-apps/springboot/process_test.go:22 @ 04/20/23 18:51:55.244&#xA;&lt; Exit [BeforeEach] Linux java process - /Users/joe/workspace/discover-java-apps/springboot/process_test.go:22 @ 04/20/23 18:51:55.244 (0s)&#xA;&gt; Enter [It] should return ports in list - /Users/joe/workspace/discover-java-apps/springboot/process_test.go:211 @ 04/20/23 18:51:55.244&#xA;&lt; Exit [It] should return ports in list - /Users/joe/workspace/discover-java-apps/springboot/process_test.go:211 @ 04/20/23 18:51:55.244 (0s)&#xA;&gt; Enter [AfterEach] Linux java process - /Users/joe/workspace/discover-java-apps/springboot/process_test.go:36 @ 04/20/23 18:51:55.244&#xA;&lt; Exit [AfterEach] Linux java process - /Users/joe/workspace/discover-java-apps/springboot/process_test.go:36 @ 04/20/23 18:51:55.244 (0s)&#xA;&gt; Enter [DeferCleanup (Each)] Linux java process - /Users/joe/go/pkg/mod/github.com/golang/mock@v1.6.0/gomock/controller.go:137 @ 04/20/23 18:51:55.244&#xA;&lt; Exit [DeferCleanup (Each)] Linux java process - /Users/joe/go/pkg/mod/github.com/golang/mock@v1.6.0/gomock/controller.go:137 @ 04/20/23 18:51:55.244 (0s)&#xA;</system-err>
          </testcase>
          <testcase name="[It] Linux java process Get ports when got empty output after run cmd should return empty list" classname="SpringBoot discovery test suit" status="passed" time="0.000331667">
              <system-err>&gt; Enter [BeforeEach] Linux java process - /Users/joe/workspace/discover-java-apps/springboot/process_test.go:22 @ 04/20/23 18:51:55.245&#xA;&lt; Exit [BeforeEach] Linux java process - /Users/joe/workspace/discover-java-apps/springboot/process_test.go:22 @ 04/20/23 18:51:55.245 (0s)&#xA;&gt; Enter [It] should return empty list - /Users/joe/workspace/discover-java-apps/springboot/process_test.go:217 @ 04/20/23 18:51:55.245&#xA;&lt; Exit [It] should return empty list - /Users/joe/workspace/discover-java-apps/springboot/process_test.go:217 @ 04/20/23 18:51:55.245 (0s)&#xA;&gt; Enter [AfterEach] Linux java process - /Users/joe/workspace/discover-java-apps/springboot/process_test.go:36 @ 04/20/23 18:51:55.245&#xA;&lt; Exit [AfterEach] Linux java process - /Users/joe/workspace/discover-java-apps/springboot/process_test.go:36 @ 04/20/23 18:51:55.245 (0s)&#xA;&gt; Enter [DeferCleanup (Each)] Linux java process - /Users/joe/go/pkg/mod/github.com/golang/mock@v1.6.0/gomock/controller.go:137 @ 04/20/23 18:51:55.245&#xA;&lt; Exit [DeferCleanup (Each)] Linux java process - /Users/joe/go/pkg/mod/github.com/golang/mock@v1.6.0/gomock/controller.go:137 @ 04/20/23 18:51:55.245 (0s)&#xA;</system-err>
          </testcase>
          <testcase name="[It] Linux java process Get ports when got error while run cmd should return error" classname="SpringBoot discovery test suit" status="passed" time="0.000355292">
              <system-err>&gt; Enter [BeforeEach] Linux java process - /Users/joe/workspace/discover-java-apps/springboot/process_test.go:22 @ 04/20/23 18:51:55.245&#xA;&lt; Exit [BeforeEach] Linux java process - /Users/joe/workspace/discover-java-apps/springboot/process_test.go:22 @ 04/20/23 18:51:55.246 (0s)&#xA;&gt; Enter [It] should return error - /Users/joe/workspace/discover-java-apps/springboot/process_test.go:223 @ 04/20/23 18:51:55.246&#xA;&lt; Exit [It] should return error - /Users/joe/workspace/discover-java-apps/springboot/process_test.go:223 @ 04/20/23 18:51:55.246 (0s)&#xA;&gt; Enter [AfterEach] Linux java process - /Users/joe/workspace/discover-java-apps/springboot/process_test.go:36 @ 04/20/23 18:51:55.246&#xA;&lt; Exit [AfterEach] Linux java process - /Users/joe/workspace/discover-java-apps/springboot/process_test.go:36 @ 04/20/23 18:51:55.246 (0s)&#xA;&gt; Enter [DeferCleanup (Each)] Linux java process - /Users/joe/go/pkg/mod/github.com/golang/mock@v1.6.0/gomock/controller.go:137 @ 04/20/23 18:51:55.246&#xA;&lt; Exit [DeferCleanup (Each)] Linux java process - /Users/joe/go/pkg/mod/github.com/golang/mock@v1.6.0/gomock/controller.go:137 @ 04/20/23 18:51:55.246 (0s)&#xA;</system-err>
          </testcase>
          <testcase name="[It] Linux java process Get default max heap size  when got success output should return memory size in kb" classname="SpringBoot discovery test suit" status="passed" time="0.000383625">
              <system-err>&gt; Enter [BeforeEach] Linux java process - /Users/joe/workspace/discover-java-apps/springboot/process_test.go:22 @ 04/20/23 18:51:55.246&#xA;&lt; Exit [BeforeEach] Linux java process - /Users/joe/workspace/discover-java-apps/springboot/process_test.go:22 @ 04/20/23 18:51:55.246 (0s)&#xA;&gt; Enter [It] should return memory size in kb - /Users/joe/workspace/discover-java-apps/springboot/process_test.go:232 @ 04/20/23 18:51:55.246&#xA;&lt; Exit [It] should return memory size in kb - /Users/joe/workspace/discover-java-apps/springboot/process_test.go:232 @ 04/20/23 18:51:55.246 (0s)&#xA;&gt; Enter [AfterEach] Linux java process - /Users/joe/workspace/discover-java-apps/springboot/process_test.go:36 @ 04/20/23 18:51:55.246&#xA;&lt; Exit [AfterEach] Linux java process - /Users/joe/workspace/discover-java-apps/springboot/process_test.go:36 @ 04/20/23 18:51:55.246 (0s)&#xA;&gt; Enter [DeferCleanup (Each)] Linux java process - /Users/joe/go/pkg/mod/github.com/golang/mock@v1.6.0/gomock/controller.go:137 @ 04/20/23 18:51:55.246&#xA;&lt; Exit [DeferCleanup (Each)] Linux java process - /Users/joe/go/pkg/mod/github.com/golang/mock@v1.6.0/gomock/controller.go:137 @ 04/20/23 18:51:55.246 (0s)&#xA;</system-err>
          </testcase>
          <testcase name="[It] Linux java process Get default max heap size  when got empty output should return error" classname="SpringBoot discovery test suit" status="passed" time="0.000310458">
              <system-err>&gt; Enter [BeforeEach] Linux java process - /Users/joe/workspace/discover-java-apps/springboot/process_test.go:22 @ 04/20/23 18:51:55.247&#xA;&lt; Exit [BeforeEach] Linux java process - /Users/joe/workspace/discover-java-apps/springboot/process_test.go:22 @ 04/20/23 18:51:55.247 (0s)&#xA;&gt; Enter [It] should return error - /Users/joe/workspace/discover-java-apps/springboot/process_test.go:238 @ 04/20/23 18:51:55.247&#xA;&lt; Exit [It] should return error - /Users/joe/workspace/discover-java-apps/springboot/process_test.go:238 @ 04/20/23 18:51:55.247 (0s)&#xA;&gt; Enter [AfterEach] Linux java process - /Users/joe/workspace/discover-java-apps/springboot/process_test.go:36 @ 04/20/23 18:51:55.247&#xA;&lt; Exit [AfterEach] Linux java process - /Users/joe/workspace/discover-java-apps/springboot/process_test.go:36 @ 04/20/23 18:51:55.247 (0s)&#xA;&gt; Enter [DeferCleanup (Each)] Linux java process - /Users/joe/go/pkg/mod/github.com/golang/mock@v1.6.0/gomock/controller.go:137 @ 04/20/23 18:51:55.247&#xA;&lt; Exit [DeferCleanup (Each)] Linux java process - /Users/joe/go/pkg/mod/github.com/golang/mock@v1.6.0/gomock/controller.go:137 @ 04/20/23 18:51:55.247 (0s)&#xA;</system-err>
          </testcase>
          <testcase name="[It] Linux java process Get default max heap size  when got invalid output should return error" classname="SpringBoot discovery test suit" status="passed" time="0.000312375">
              <system-err>&gt; Enter [BeforeEach] Linux java process - /Users/joe/workspace/discover-java-apps/springboot/process_test.go:22 @ 04/20/23 18:51:55.247&#xA;&lt; Exit [BeforeEach] Linux java process - /Users/joe/workspace/discover-java-apps/springboot/process_test.go:22 @ 04/20/23 18:51:55.247 (0s)&#xA;&gt; Enter [It] should return error - /Users/joe/workspace/discover-java-apps/springboot/process_test.go:244 @ 04/20/23 18:51:55.247&#xA;&lt; Exit [It] should return error - /Users/joe/workspace/discover-java-apps/springboot/process_test.go:244 @ 04/20/23 18:51:55.248 (0s)&#xA;&gt; Enter [AfterEach] Linux java process - /Users/joe/workspace/discover-java-apps/springboot/process_test.go:36 @ 04/20/23 18:51:55.248&#xA;&lt; Exit [AfterEach] Linux java process - /Users/joe/workspace/discover-java-apps/springboot/process_test.go:36 @ 04/20/23 18:51:55.248 (0s)&#xA;&gt; Enter [DeferCleanup (Each)] Linux java process - /Users/joe/go/pkg/mod/github.com/golang/mock@v1.6.0/gomock/controller.go:137 @ 04/20/23 18:51:55.248&#xA;&lt; Exit [DeferCleanup (Each)] Linux java process - /Users/joe/go/pkg/mod/github.com/golang/mock@v1.6.0/gomock/controller.go:137 @ 04/20/23 18:51:55.248 (0s)&#xA;</system-err>
          </testcase>
          <testcase name="[It] Linux java process Get default max heap size  when got error should return error" classname="SpringBoot discovery test suit" status="passed" time="0.000340125">
              <system-err>&gt; Enter [BeforeEach] Linux java process - /Users/joe/workspace/discover-java-apps/springboot/process_test.go:22 @ 04/20/23 18:51:55.248&#xA;&lt; Exit [BeforeEach] Linux java process - /Users/joe/workspace/discover-java-apps/springboot/process_test.go:22 @ 04/20/23 18:51:55.248 (0s)&#xA;&gt; Enter [It] should return error - /Users/joe/workspace/discover-java-apps/springboot/process_test.go:250 @ 04/20/23 18:51:55.248&#xA;&lt; Exit [It] should return error - /Users/joe/workspace/discover-java-apps/springboot/process_test.go:250 @ 04/20/23 18:51:55.248 (0s)&#xA;&gt; Enter [AfterEach] Linux java process - /Users/joe/workspace/discover-java-apps/springboot/process_test.go:36 @ 04/20/23 18:51:55.248&#xA;&lt; Exit [AfterEach] Linux java process - /Users/joe/workspace/discover-java-apps/springboot/process_test.go:36 @ 04/20/23 18:51:55.248 (0s)&#xA;&gt; Enter [DeferCleanup (Each)] Linux java process - /Users/joe/go/pkg/mod/github.com/golang/mock@v1.6.0/gomock/controller.go:137 @ 04/20/23 18:51:55.248&#xA;&lt; Exit [DeferCleanup (Each)] Linux java process - /Users/joe/go/pkg/mod/github.com/golang/mock@v1.6.0/gomock/controller.go:137 @ 04/20/23 18:51:55.248 (0s)&#xA;</system-err>
          </testcase>
      </testsuite>
  </testsuites>